2023-12-19 10:21:06.217  INFO 29828 --- [http-nio-8081-exec-4] c.e.U.User.Controller.UserController     : Received request to update user
2023-12-19 10:21:06.252  INFO 29828 --- [http-nio-8081-exec-4] c.e.U.User.Service.UserServiceImpl       : Users with ID 59 updated successfully.
2023-12-19 10:21:06.255  INFO 29828 --- [http-nio-8081-exec-4] c.e.U.User.Service.UserServiceImpl       : DB update Execution Time: 18 ms
2023-12-19 10:28:04.529  INFO 29828 --- [http-nio-8081-exec-7] c.e.U.User.Controller.UserController     : Received request to update user
2023-12-19 10:28:04.533  INFO 29828 --- [http-nio-8081-exec-7] c.e.U.User.Service.UserServiceImpl       : Users with ID 53 updated successfully.
2023-12-19 10:28:04.535  INFO 29828 --- [http-nio-8081-exec-7] c.e.U.User.Service.UserServiceImpl       : DB update Execution Time: 6 ms
2023-12-19 10:31:35.340  INFO 29828 --- [http-nio-8081-exec-1] c.e.U.User.Controller.UserController     : Received request to create users.
2023-12-19 10:31:35.344  INFO 29828 --- [http-nio-8081-exec-1] c.e.U.User.Service.UserServiceImpl       : users Saved
2023-12-19 10:31:35.345  INFO 29828 --- [http-nio-8081-exec-1] c.e.U.User.Service.UserServiceImpl       : DB Create Execution Time: 4 ms
2023-12-19 10:31:35.346  INFO 29828 --- [http-nio-8081-exec-1] c.e.U.User.Controller.UserController     : DB Create Execution Time: 6 ms
2023-12-19 10:36:34.104  INFO 29828 --- [http-nio-8081-exec-3] c.e.U.User.Controller.UserController     : Received request to get users.
2023-12-19 10:36:34.138  INFO 29828 --- [http-nio-8081-exec-3] c.e.U.User.Service.UserServiceImpl       : GET API Response Time: 31 ms
2023-12-19 10:36:34.563  INFO 29828 --- [http-nio-8081-exec-4] c.e.U.User.Controller.UserController     : Received request to get users.
2023-12-19 10:36:34.568  INFO 29828 --- [http-nio-8081-exec-4] c.e.U.User.Service.UserServiceImpl       : GET API Response Time: 4 ms
2023-12-19 10:36:57.165  INFO 29828 --- [http-nio-8081-exec-6] c.e.U.User.Controller.UserController     : Received request to get users.
2023-12-19 10:36:57.172  INFO 29828 --- [http-nio-8081-exec-6] c.e.U.User.Service.UserServiceImpl       : GET API Response Time: 6 ms
2023-12-19 11:06:09.759  INFO 29828 --- [File Watcher] rtingClassPathChangeChangedEventListener : Restarting due to 1 class path change (0 additions, 0 deletions, 1 modification)
2023-12-19 11:06:09.771  INFO 29828 --- [Thread-27] o.apache.catalina.core.StandardService   : Stopping service [Tomcat]
2023-12-19 11:06:09.772  INFO 29828 --- [Thread-27] o.a.c.c.C.[Tomcat].[localhost].[/]       : Destroying Spring FrameworkServlet 'dispatcherServlet'
2023-12-19 11:06:09.777  WARN 29828 --- [Thread-27] o.a.c.loader.WebappClassLoaderBase       : The web application [ROOT] appears to have started a thread named [logback-1] but has failed to stop it. This is very likely to create a memory leak. Stack trace of thread:
 java.base@17.0.9/jdk.internal.misc.Unsafe.park(Native Method)
 java.base@17.0.9/java.util.concurrent.locks.LockSupport.park(LockSupport.java:341)
 java.base@17.0.9/java.util.concurrent.locks.AbstractQueuedSynchronizer$ConditionNode.block(AbstractQueuedSynchronizer.java:506)
 java.base@17.0.9/java.util.concurrent.ForkJoinPool.unmanagedBlock(ForkJoinPool.java:3465)
 java.base@17.0.9/java.util.concurrent.ForkJoinPool.managedBlock(ForkJoinPool.java:3436)
 java.base@17.0.9/java.util.concurrent.locks.AbstractQueuedSynchronizer$ConditionObject.await(AbstractQueuedSynchronizer.java:1623)
 java.base@17.0.9/java.util.concurrent.ScheduledThreadPoolExecutor$DelayedWorkQueue.take(ScheduledThreadPoolExecutor.java:1170)
 java.base@17.0.9/java.util.concurrent.ScheduledThreadPoolExecutor$DelayedWorkQueue.take(ScheduledThreadPoolExecutor.java:899)
 java.base@17.0.9/java.util.concurrent.ThreadPoolExecutor.getTask(ThreadPoolExecutor.java:1062)
 java.base@17.0.9/java.util.concurrent.ThreadPoolExecutor.runWorker(ThreadPoolExecutor.java:1122)
 java.base@17.0.9/java.util.concurrent.ThreadPoolExecutor$Worker.run(ThreadPoolExecutor.java:635)
 java.base@17.0.9/java.lang.Thread.run(Thread.java:842)
2023-12-19 11:06:09.779  WARN 29828 --- [Thread-27] o.a.c.loader.WebappClassLoaderBase       : The web application [ROOT] appears to have started a thread named [logback-2] but has failed to stop it. This is very likely to create a memory leak. Stack trace of thread:
 java.base@17.0.9/jdk.internal.misc.Unsafe.park(Native Method)
 java.base@17.0.9/java.util.concurrent.locks.LockSupport.park(LockSupport.java:341)
 java.base@17.0.9/java.util.concurrent.locks.AbstractQueuedSynchronizer$ConditionNode.block(AbstractQueuedSynchronizer.java:506)
 java.base@17.0.9/java.util.concurrent.ForkJoinPool.unmanagedBlock(ForkJoinPool.java:3465)
 java.base@17.0.9/java.util.concurrent.ForkJoinPool.managedBlock(ForkJoinPool.java:3436)
 java.base@17.0.9/java.util.concurrent.locks.AbstractQueuedSynchronizer$ConditionObject.await(AbstractQueuedSynchronizer.java:1623)
 java.base@17.0.9/java.util.concurrent.ScheduledThreadPoolExecutor$DelayedWorkQueue.take(ScheduledThreadPoolExecutor.java:1170)
 java.base@17.0.9/java.util.concurrent.ScheduledThreadPoolExecutor$DelayedWorkQueue.take(ScheduledThreadPoolExecutor.java:899)
 java.base@17.0.9/java.util.concurrent.ThreadPoolExecutor.getTask(ThreadPoolExecutor.java:1062)
 java.base@17.0.9/java.util.concurrent.ThreadPoolExecutor.runWorker(ThreadPoolExecutor.java:1122)
 java.base@17.0.9/java.util.concurrent.ThreadPoolExecutor$Worker.run(ThreadPoolExecutor.java:635)
 java.base@17.0.9/java.lang.Thread.run(Thread.java:842)
2023-12-19 11:06:09.851  INFO 29828 --- [restartedMain] c.e.UserManagement.User.UserApplication  : Starting UserApplication using Java 17.0.9 on DESKTOP-LOH6BAM with PID 29828 (C:\Users\RajinikanthReddyOlad\eclipse-workspace\User\target\classes started by RajinikanthReddyOlad in C:\Users\RajinikanthReddyOlad\eclipse-workspace\User)
2023-12-19 11:06:09.852 DEBUG 29828 --- [restartedMain] c.e.UserManagement.User.UserApplication  : Running with Spring Boot v2.7.17, Spring v5.3.30
2023-12-19 11:06:09.852  INFO 29828 --- [restartedMain] c.e.UserManagement.User.UserApplication  : No active profile set, falling back to 1 default profile: "default"
2023-12-19 11:06:09.995  INFO 29828 --- [restartedMain] .s.d.r.c.RepositoryConfigurationDelegate : Bootstrapping Spring Data MongoDB repositories in DEFAULT mode.
2023-12-19 11:06:10.000  INFO 29828 --- [restartedMain] .s.d.r.c.RepositoryConfigurationDelegate : Finished Spring Data repository scanning in 4 ms. Found 0 MongoDB repository interfaces.
2023-12-19 11:06:10.103  INFO 29828 --- [restartedMain] o.s.b.w.embedded.tomcat.TomcatWebServer  : Tomcat initialized with port(s): 8081 (http)
2023-12-19 11:06:10.104  INFO 29828 --- [restartedMain] o.apache.catalina.core.StandardService   : Starting service [Tomcat]
2023-12-19 11:06:10.104  INFO 29828 --- [restartedMain] org.apache.catalina.core.StandardEngine  : Starting Servlet engine: [Apache Tomcat/9.0.82]
2023-12-19 11:06:10.122  INFO 29828 --- [restartedMain] o.a.c.c.C.[Tomcat].[localhost].[/]       : Initializing Spring embedded WebApplicationContext
2023-12-19 11:06:10.123  INFO 29828 --- [restartedMain] w.s.c.ServletWebServerApplicationContext : Root WebApplicationContext: initialization completed in 268 ms
2023-12-19 11:06:10.161  INFO 29828 --- [restartedMain] org.mongodb.driver.client                : MongoClient with metadata {"driver": {"name": "mongo-java-driver|sync|spring-boot", "version": "4.6.1"}, "os": {"type": "Windows", "name": "Windows 11", "architecture": "amd64", "version": "10.0"}, "platform": "Java/Oracle Corporation/17.0.9+11-LTS-201"} created with settings MongoClientSettings{readPreference=primary, writeConcern=WriteConcern{w=null, wTimeout=null ms, journal=null}, retryWrites=true, retryReads=true, readConcern=ReadConcern{level=null}, credential=null, streamFactoryFactory=null, commandListeners=[], codecRegistry=ProvidersCodecRegistry{codecProviders=[ValueCodecProvider{}, BsonValueCodecProvider{}, DBRefCodecProvider{}, DBObjectCodecProvider{}, DocumentCodecProvider{}, IterableCodecProvider{}, MapCodecProvider{}, GeoJsonCodecProvider{}, GridFSFileCodecProvider{}, Jsr310CodecProvider{}, JsonObjectCodecProvider{}, BsonCodecProvider{}, EnumCodecProvider{}, com.mongodb.Jep395RecordCodecProvider@157cc3dd]}, clusterSettings={hosts=[localhost:27017], srvServiceName=mongodb, mode=SINGLE, requiredClusterType=UNKNOWN, requiredReplicaSetName='null', serverSelector='null', clusterListeners='[]', serverSelectionTimeout='30000 ms', localThreshold='30000 ms'}, socketSettings=SocketSettings{connectTimeoutMS=10000, readTimeoutMS=0, receiveBufferSize=0, sendBufferSize=0}, heartbeatSocketSettings=SocketSettings{connectTimeoutMS=10000, readTimeoutMS=10000, receiveBufferSize=0, sendBufferSize=0}, connectionPoolSettings=ConnectionPoolSettings{maxSize=100, minSize=0, maxWaitTimeMS=120000, maxConnectionLifeTimeMS=0, maxConnectionIdleTimeMS=0, maintenanceInitialDelayMS=0, maintenanceFrequencyMS=60000, connectionPoolListeners=[], maxConnecting=2}, serverSettings=ServerSettings{heartbeatFrequencyMS=10000, minHeartbeatFrequencyMS=500, serverListeners='[]', serverMonitorListeners='[]'}, sslSettings=SslSettings{enabled=false, invalidHostNameAllowed=false, context=null}, applicationName='null', compressorList=[], uuidRepresentation=JAVA_LEGACY, serverApi=null, autoEncryptionSettings=null, contextProvider=null}
2023-12-19 11:06:10.164  INFO 29828 --- [cluster-ClusterId{value='65812bca53c34b34cdfe99ca', description='null'}-localhost:27017] org.mongodb.driver.connection            : Opened connection [connectionId{localValue:19, serverValue:443}] to localhost:27017
2023-12-19 11:06:10.164  INFO 29828 --- [cluster-rtt-ClusterId{value='65812bca53c34b34cdfe99ca', description='null'}-localhost:27017] org.mongodb.driver.connection            : Opened connection [connectionId{localValue:18, serverValue:442}] to localhost:27017
2023-12-19 11:06:10.165  INFO 29828 --- [cluster-ClusterId{value='65812bca53c34b34cdfe99ca', description='null'}-localhost:27017] org.mongodb.driver.cluster               : Monitor thread successfully connected to server with description ServerDescription{address=localhost:27017, type=STANDALONE, state=CONNECTED, ok=true, minWireVersion=0, maxWireVersion=21, maxDocumentSize=16777216, logicalSessionTimeoutMinutes=30, roundTripTimeNanos=2183500}
2023-12-19 11:06:10.186  INFO 29828 --- [restartedMain] o.s.b.d.a.OptionalLiveReloadServer       : LiveReload server is running on port 35729
2023-12-19 11:06:10.221  INFO 29828 --- [restartedMain] f.a.AutowiredAnnotationBeanPostProcessor : Autowired annotation is not supported on static fields: private static org.springframework.data.mongodb.core.MongoOperations com.example.UserManagement.User.Service.SequenceGeneratorService.mongoOperations
2023-12-19 11:06:10.484  INFO 29828 --- [restartedMain] o.s.s.web.DefaultSecurityFilterChain     : Will secure any request with [org.springframework.security.web.session.DisableEncodeUrlFilter@4c429248, org.springframework.security.web.context.request.async.WebAsyncManagerIntegrationFilter@3ee30077, org.springframework.security.web.context.SecurityContextPersistenceFilter@3fe702f6, org.springframework.security.web.header.HeaderWriterFilter@74745766, org.springframework.security.web.authentication.logout.LogoutFilter@63a561c7, org.springframework.security.web.authentication.www.BasicAuthenticationFilter@4507bce, org.springframework.security.web.savedrequest.RequestCacheAwareFilter@32f01928, org.springframework.security.web.servletapi.SecurityContextHolderAwareRequestFilter@6469a777, org.springframework.security.web.authentication.AnonymousAuthenticationFilter@1b155034, org.springframework.security.web.session.SessionManagementFilter@26528a0c, org.springframework.security.web.access.ExceptionTranslationFilter@50abb634, org.springframework.security.web.access.intercept.AuthorizationFilter@3f335c1b]
2023-12-19 11:06:10.623  INFO 29828 --- [restartedMain] o.s.b.w.embedded.tomcat.TomcatWebServer  : Tomcat started on port(s): 8081 (http) with context path ''
2023-12-19 11:06:10.627  INFO 29828 --- [restartedMain] c.e.UserManagement.User.UserApplication  : Started UserApplication in 0.795 seconds (JVM running for 67577.439)
2023-12-19 11:06:10.630  INFO 29828 --- [restartedMain] .ConditionEvaluationDeltaLoggingListener : Condition evaluation unchanged
2023-12-19 11:10:34.156  INFO 29828 --- [File Watcher] rtingClassPathChangeChangedEventListener : Restarting due to 2 class path changes (0 additions, 0 deletions, 2 modifications)
2023-12-19 11:10:34.172  INFO 29828 --- [Thread-31] o.apache.catalina.core.StandardService   : Stopping service [Tomcat]
2023-12-19 11:10:34.236  INFO 29828 --- [restartedMain] c.e.UserManagement.User.UserApplication  : Starting UserApplication using Java 17.0.9 on DESKTOP-LOH6BAM with PID 29828 (C:\Users\RajinikanthReddyOlad\eclipse-workspace\User\target\classes started by RajinikanthReddyOlad in C:\Users\RajinikanthReddyOlad\eclipse-workspace\User)
2023-12-19 11:10:34.237 DEBUG 29828 --- [restartedMain] c.e.UserManagement.User.UserApplication  : Running with Spring Boot v2.7.17, Spring v5.3.30
2023-12-19 11:10:34.237  INFO 29828 --- [restartedMain] c.e.UserManagement.User.UserApplication  : No active profile set, falling back to 1 default profile: "default"
2023-12-19 11:10:34.309  INFO 29828 --- [restartedMain] .s.d.r.c.RepositoryConfigurationDelegate : Bootstrapping Spring Data MongoDB repositories in DEFAULT mode.
2023-12-19 11:10:34.312  INFO 29828 --- [restartedMain] .s.d.r.c.RepositoryConfigurationDelegate : Finished Spring Data repository scanning in 1 ms. Found 0 MongoDB repository interfaces.
2023-12-19 11:10:34.368  INFO 29828 --- [restartedMain] o.s.b.w.embedded.tomcat.TomcatWebServer  : Tomcat initialized with port(s): 8081 (http)
2023-12-19 11:10:34.369  INFO 29828 --- [restartedMain] o.apache.catalina.core.StandardService   : Starting service [Tomcat]
2023-12-19 11:10:34.369  INFO 29828 --- [restartedMain] org.apache.catalina.core.StandardEngine  : Starting Servlet engine: [Apache Tomcat/9.0.82]
2023-12-19 11:10:34.384  INFO 29828 --- [restartedMain] o.a.c.c.C.[Tomcat].[localhost].[/]       : Initializing Spring embedded WebApplicationContext
2023-12-19 11:10:34.384  INFO 29828 --- [restartedMain] w.s.c.ServletWebServerApplicationContext : Root WebApplicationContext: initialization completed in 145 ms
2023-12-19 11:10:34.410  INFO 29828 --- [restartedMain] org.mongodb.driver.client                : MongoClient with metadata {"driver": {"name": "mongo-java-driver|sync|spring-boot", "version": "4.6.1"}, "os": {"type": "Windows", "name": "Windows 11", "architecture": "amd64", "version": "10.0"}, "platform": "Java/Oracle Corporation/17.0.9+11-LTS-201"} created with settings MongoClientSettings{readPreference=primary, writeConcern=WriteConcern{w=null, wTimeout=null ms, journal=null}, retryWrites=true, retryReads=true, readConcern=ReadConcern{level=null}, credential=null, streamFactoryFactory=null, commandListeners=[], codecRegistry=ProvidersCodecRegistry{codecProviders=[ValueCodecProvider{}, BsonValueCodecProvider{}, DBRefCodecProvider{}, DBObjectCodecProvider{}, DocumentCodecProvider{}, IterableCodecProvider{}, MapCodecProvider{}, GeoJsonCodecProvider{}, GridFSFileCodecProvider{}, Jsr310CodecProvider{}, JsonObjectCodecProvider{}, BsonCodecProvider{}, EnumCodecProvider{}, com.mongodb.Jep395RecordCodecProvider@157cc3dd]}, clusterSettings={hosts=[localhost:27017], srvServiceName=mongodb, mode=SINGLE, requiredClusterType=UNKNOWN, requiredReplicaSetName='null', serverSelector='null', clusterListeners='[]', serverSelectionTimeout='30000 ms', localThreshold='30000 ms'}, socketSettings=SocketSettings{connectTimeoutMS=10000, readTimeoutMS=0, receiveBufferSize=0, sendBufferSize=0}, heartbeatSocketSettings=SocketSettings{connectTimeoutMS=10000, readTimeoutMS=10000, receiveBufferSize=0, sendBufferSize=0}, connectionPoolSettings=ConnectionPoolSettings{maxSize=100, minSize=0, maxWaitTimeMS=120000, maxConnectionLifeTimeMS=0, maxConnectionIdleTimeMS=0, maintenanceInitialDelayMS=0, maintenanceFrequencyMS=60000, connectionPoolListeners=[], maxConnecting=2}, serverSettings=ServerSettings{heartbeatFrequencyMS=10000, minHeartbeatFrequencyMS=500, serverListeners='[]', serverMonitorListeners='[]'}, sslSettings=SslSettings{enabled=false, invalidHostNameAllowed=false, context=null}, applicationName='null', compressorList=[], uuidRepresentation=JAVA_LEGACY, serverApi=null, autoEncryptionSettings=null, contextProvider=null}
2023-12-19 11:10:34.413  INFO 29828 --- [cluster-ClusterId{value='65812cd253c34b34cdfe99cb', description='null'}-localhost:27017] org.mongodb.driver.connection            : Opened connection [connectionId{localValue:20, serverValue:444}] to localhost:27017
2023-12-19 11:10:34.413  INFO 29828 --- [cluster-ClusterId{value='65812cd253c34b34cdfe99cb', description='null'}-localhost:27017] org.mongodb.driver.cluster               : Monitor thread successfully connected to server with description ServerDescription{address=localhost:27017, type=STANDALONE, state=CONNECTED, ok=true, minWireVersion=0, maxWireVersion=21, maxDocumentSize=16777216, logicalSessionTimeoutMinutes=30, roundTripTimeNanos=1315400}
2023-12-19 11:10:34.413  INFO 29828 --- [cluster-rtt-ClusterId{value='65812cd253c34b34cdfe99cb', description='null'}-localhost:27017] org.mongodb.driver.connection            : Opened connection [connectionId{localValue:21, serverValue:445}] to localhost:27017
2023-12-19 11:10:34.424  INFO 29828 --- [restartedMain] o.s.b.d.a.OptionalLiveReloadServer       : LiveReload server is running on port 35729
2023-12-19 11:10:34.460  INFO 29828 --- [restartedMain] f.a.AutowiredAnnotationBeanPostProcessor : Autowired annotation is not supported on static fields: private static org.springframework.data.mongodb.core.MongoOperations com.example.UserManagement.User.Service.SequenceGeneratorService.mongoOperations
2023-12-19 11:10:34.692  INFO 29828 --- [restartedMain] o.s.s.web.DefaultSecurityFilterChain     : Will secure any request with [org.springframework.security.web.session.DisableEncodeUrlFilter@7975e757, org.springframework.security.web.context.request.async.WebAsyncManagerIntegrationFilter@a78837f, org.springframework.security.web.context.SecurityContextPersistenceFilter@18386760, org.springframework.security.web.header.HeaderWriterFilter@7e58eaa0, org.springframework.security.web.authentication.logout.LogoutFilter@7fe01ca6, org.springframework.security.web.authentication.www.BasicAuthenticationFilter@60fce1c, org.springframework.security.web.savedrequest.RequestCacheAwareFilter@41abb8b9, org.springframework.security.web.servletapi.SecurityContextHolderAwareRequestFilter@781f57c6, org.springframework.security.web.authentication.AnonymousAuthenticationFilter@659c5eb7, org.springframework.security.web.session.SessionManagementFilter@6986bfbc, org.springframework.security.web.access.ExceptionTranslationFilter@3b7c56c8, org.springframework.security.web.access.intercept.AuthorizationFilter@6131c740]
2023-12-19 11:10:34.772  INFO 29828 --- [restartedMain] o.s.b.w.embedded.tomcat.TomcatWebServer  : Tomcat started on port(s): 8081 (http) with context path ''
2023-12-19 11:10:34.775  INFO 29828 --- [restartedMain] c.e.UserManagement.User.UserApplication  : Started UserApplication in 0.554 seconds (JVM running for 67841.587)
2023-12-19 11:10:34.777  INFO 29828 --- [restartedMain] .ConditionEvaluationDeltaLoggingListener : Condition evaluation unchanged
2023-12-19 11:10:54.329  INFO 29828 --- [http-nio-8081-exec-2] o.a.c.c.C.[Tomcat].[localhost].[/]       : Initializing Spring DispatcherServlet 'dispatcherServlet'
2023-12-19 11:10:54.329  INFO 29828 --- [http-nio-8081-exec-2] o.s.web.servlet.DispatcherServlet        : Initializing Servlet 'dispatcherServlet'
2023-12-19 11:10:54.331  INFO 29828 --- [http-nio-8081-exec-2] o.s.web.servlet.DispatcherServlet        : Completed initialization in 1 ms
2023-12-19 11:10:54.625  INFO 29828 --- [http-nio-8081-exec-2] c.e.U.User.Controller.UserController     : Received request to create users.
2023-12-19 11:10:54.630  INFO 29828 --- [http-nio-8081-exec-2] org.mongodb.driver.connection            : Opened connection [connectionId{localValue:22, serverValue:446}] to localhost:27017
2023-12-19 11:10:54.660  INFO 29828 --- [http-nio-8081-exec-2] c.e.U.User.Service.UserServiceImpl       : users Saved
2023-12-19 11:10:54.661  INFO 29828 --- [http-nio-8081-exec-2] c.e.U.User.Service.UserServiceImpl       : DB Create Execution Time: 35 ms
2023-12-19 11:10:54.662  INFO 29828 --- [http-nio-8081-exec-2] c.e.U.User.Controller.UserController     : DB Create Execution Time: 37 ms
2023-12-19 11:14:38.044  INFO 29828 --- [http-nio-8081-exec-6] c.e.U.User.Controller.UserController     : Received request to update user
2023-12-19 11:14:38.048  INFO 29828 --- [http-nio-8081-exec-6] c.e.U.User.Service.UserServiceImpl       : Users with ID 61 updated successfully.
2023-12-19 11:14:38.049  INFO 29828 --- [http-nio-8081-exec-6] c.e.U.User.Service.UserServiceImpl       : DB update Execution Time: 5 ms
2023-12-19 11:15:57.683  INFO 29828 --- [http-nio-8081-exec-3] c.e.U.User.Controller.UserController     : Received request to update user
2023-12-19 11:15:57.686  INFO 29828 --- [http-nio-8081-exec-3] c.e.U.User.Service.UserServiceImpl       : Users with ID 59 updated successfully.
2023-12-19 11:15:57.686  INFO 29828 --- [http-nio-8081-exec-3] c.e.U.User.Service.UserServiceImpl       : DB update Execution Time: 2 ms
2023-12-19 11:16:52.768  INFO 29828 --- [http-nio-8081-exec-10] c.e.U.User.Controller.UserController     : Received request to update user
2023-12-19 11:16:52.771  INFO 29828 --- [http-nio-8081-exec-10] c.e.U.User.Service.UserServiceImpl       : Users with ID 59 updated successfully.
2023-12-19 11:16:52.772  INFO 29828 --- [http-nio-8081-exec-10] c.e.U.User.Service.UserServiceImpl       : DB update Execution Time: 3 ms
2023-12-19 11:17:45.528  INFO 29828 --- [File Watcher] rtingClassPathChangeChangedEventListener : Restarting due to 1 class path change (0 additions, 0 deletions, 1 modification)
2023-12-19 11:17:45.542  INFO 29828 --- [Thread-35] o.apache.catalina.core.StandardService   : Stopping service [Tomcat]
2023-12-19 11:17:45.543  INFO 29828 --- [Thread-35] o.a.c.c.C.[Tomcat].[localhost].[/]       : Destroying Spring FrameworkServlet 'dispatcherServlet'
2023-12-19 11:17:45.621  INFO 29828 --- [restartedMain] c.e.UserManagement.User.UserApplication  : Starting UserApplication using Java 17.0.9 on DESKTOP-LOH6BAM with PID 29828 (C:\Users\RajinikanthReddyOlad\eclipse-workspace\User\target\classes started by RajinikanthReddyOlad in C:\Users\RajinikanthReddyOlad\eclipse-workspace\User)
2023-12-19 11:17:45.622 DEBUG 29828 --- [restartedMain] c.e.UserManagement.User.UserApplication  : Running with Spring Boot v2.7.17, Spring v5.3.30
2023-12-19 11:17:45.623  INFO 29828 --- [restartedMain] c.e.UserManagement.User.UserApplication  : No active profile set, falling back to 1 default profile: "default"
2023-12-19 11:17:45.692  INFO 29828 --- [restartedMain] .s.d.r.c.RepositoryConfigurationDelegate : Bootstrapping Spring Data MongoDB repositories in DEFAULT mode.
2023-12-19 11:17:45.695  INFO 29828 --- [restartedMain] .s.d.r.c.RepositoryConfigurationDelegate : Finished Spring Data repository scanning in 2 ms. Found 0 MongoDB repository interfaces.
2023-12-19 11:17:45.750  INFO 29828 --- [restartedMain] o.s.b.w.embedded.tomcat.TomcatWebServer  : Tomcat initialized with port(s): 8081 (http)
2023-12-19 11:17:45.752  INFO 29828 --- [restartedMain] o.apache.catalina.core.StandardService   : Starting service [Tomcat]
2023-12-19 11:17:45.752  INFO 29828 --- [restartedMain] org.apache.catalina.core.StandardEngine  : Starting Servlet engine: [Apache Tomcat/9.0.82]
2023-12-19 11:17:45.760  INFO 29828 --- [restartedMain] o.a.c.c.C.[Tomcat].[localhost].[/]       : Initializing Spring embedded WebApplicationContext
2023-12-19 11:17:45.761  INFO 29828 --- [restartedMain] w.s.c.ServletWebServerApplicationContext : Root WebApplicationContext: initialization completed in 136 ms
2023-12-19 11:17:45.787  INFO 29828 --- [restartedMain] org.mongodb.driver.client                : MongoClient with metadata {"driver": {"name": "mongo-java-driver|sync|spring-boot", "version": "4.6.1"}, "os": {"type": "Windows", "name": "Windows 11", "architecture": "amd64", "version": "10.0"}, "platform": "Java/Oracle Corporation/17.0.9+11-LTS-201"} created with settings MongoClientSettings{readPreference=primary, writeConcern=WriteConcern{w=null, wTimeout=null ms, journal=null}, retryWrites=true, retryReads=true, readConcern=ReadConcern{level=null}, credential=null, streamFactoryFactory=null, commandListeners=[], codecRegistry=ProvidersCodecRegistry{codecProviders=[ValueCodecProvider{}, BsonValueCodecProvider{}, DBRefCodecProvider{}, DBObjectCodecProvider{}, DocumentCodecProvider{}, IterableCodecProvider{}, MapCodecProvider{}, GeoJsonCodecProvider{}, GridFSFileCodecProvider{}, Jsr310CodecProvider{}, JsonObjectCodecProvider{}, BsonCodecProvider{}, EnumCodecProvider{}, com.mongodb.Jep395RecordCodecProvider@157cc3dd]}, clusterSettings={hosts=[localhost:27017], srvServiceName=mongodb, mode=SINGLE, requiredClusterType=UNKNOWN, requiredReplicaSetName='null', serverSelector='null', clusterListeners='[]', serverSelectionTimeout='30000 ms', localThreshold='30000 ms'}, socketSettings=SocketSettings{connectTimeoutMS=10000, readTimeoutMS=0, receiveBufferSize=0, sendBufferSize=0}, heartbeatSocketSettings=SocketSettings{connectTimeoutMS=10000, readTimeoutMS=10000, receiveBufferSize=0, sendBufferSize=0}, connectionPoolSettings=ConnectionPoolSettings{maxSize=100, minSize=0, maxWaitTimeMS=120000, maxConnectionLifeTimeMS=0, maxConnectionIdleTimeMS=0, maintenanceInitialDelayMS=0, maintenanceFrequencyMS=60000, connectionPoolListeners=[], maxConnecting=2}, serverSettings=ServerSettings{heartbeatFrequencyMS=10000, minHeartbeatFrequencyMS=500, serverListeners='[]', serverMonitorListeners='[]'}, sslSettings=SslSettings{enabled=false, invalidHostNameAllowed=false, context=null}, applicationName='null', compressorList=[], uuidRepresentation=JAVA_LEGACY, serverApi=null, autoEncryptionSettings=null, contextProvider=null}
2023-12-19 11:17:45.789  INFO 29828 --- [cluster-ClusterId{value='65812e8153c34b34cdfe99cc', description='null'}-localhost:27017] org.mongodb.driver.connection            : Opened connection [connectionId{localValue:23, serverValue:447}] to localhost:27017
2023-12-19 11:17:45.789  INFO 29828 --- [cluster-rtt-ClusterId{value='65812e8153c34b34cdfe99cc', description='null'}-localhost:27017] org.mongodb.driver.connection            : Opened connection [connectionId{localValue:24, serverValue:448}] to localhost:27017
2023-12-19 11:17:45.790  INFO 29828 --- [cluster-ClusterId{value='65812e8153c34b34cdfe99cc', description='null'}-localhost:27017] org.mongodb.driver.cluster               : Monitor thread successfully connected to server with description ServerDescription{address=localhost:27017, type=STANDALONE, state=CONNECTED, ok=true, minWireVersion=0, maxWireVersion=21, maxDocumentSize=16777216, logicalSessionTimeoutMinutes=30, roundTripTimeNanos=1346300}
2023-12-19 11:17:45.804  INFO 29828 --- [restartedMain] o.s.b.d.a.OptionalLiveReloadServer       : LiveReload server is running on port 35729
2023-12-19 11:17:45.831  INFO 29828 --- [restartedMain] f.a.AutowiredAnnotationBeanPostProcessor : Autowired annotation is not supported on static fields: private static org.springframework.data.mongodb.core.MongoOperations com.example.UserManagement.User.Service.SequenceGeneratorService.mongoOperations
2023-12-19 11:17:46.055  INFO 29828 --- [restartedMain] o.s.s.web.DefaultSecurityFilterChain     : Will secure any request with [org.springframework.security.web.session.DisableEncodeUrlFilter@29ad6bc3, org.springframework.security.web.context.request.async.WebAsyncManagerIntegrationFilter@3f8fa90, org.springframework.security.web.context.SecurityContextPersistenceFilter@14305803, org.springframework.security.web.header.HeaderWriterFilter@22021a58, org.springframework.security.web.authentication.logout.LogoutFilter@28b94b3e, org.springframework.security.web.authentication.www.BasicAuthenticationFilter@4b2f2923, org.springframework.security.web.savedrequest.RequestCacheAwareFilter@79c8e519, org.springframework.security.web.servletapi.SecurityContextHolderAwareRequestFilter@4b2ae0a2, org.springframework.security.web.authentication.AnonymousAuthenticationFilter@2b701c2a, org.springframework.security.web.session.SessionManagementFilter@caf25f4, org.springframework.security.web.access.ExceptionTranslationFilter@49448a26, org.springframework.security.web.access.intercept.AuthorizationFilter@a545e83]
2023-12-19 11:17:46.150  INFO 29828 --- [restartedMain] o.s.b.w.embedded.tomcat.TomcatWebServer  : Tomcat started on port(s): 8081 (http) with context path ''
2023-12-19 11:17:46.152  INFO 29828 --- [restartedMain] c.e.UserManagement.User.UserApplication  : Started UserApplication in 0.546 seconds (JVM running for 68272.964)
2023-12-19 11:17:46.154  INFO 29828 --- [restartedMain] .ConditionEvaluationDeltaLoggingListener : Condition evaluation unchanged
2023-12-19 11:17:59.451  INFO 29828 --- [http-nio-8081-exec-2] o.a.c.c.C.[Tomcat].[localhost].[/]       : Initializing Spring DispatcherServlet 'dispatcherServlet'
2023-12-19 11:17:59.452  INFO 29828 --- [http-nio-8081-exec-2] o.s.web.servlet.DispatcherServlet        : Initializing Servlet 'dispatcherServlet'
2023-12-19 11:17:59.453  INFO 29828 --- [http-nio-8081-exec-2] o.s.web.servlet.DispatcherServlet        : Completed initialization in 0 ms
2023-12-19 11:17:59.564  INFO 29828 --- [http-nio-8081-exec-2] c.e.U.User.Controller.UserController     : Received request to update user
2023-12-19 11:17:59.569  INFO 29828 --- [http-nio-8081-exec-2] org.mongodb.driver.connection            : Opened connection [connectionId{localValue:25, serverValue:449}] to localhost:27017
2023-12-19 11:17:59.577  INFO 29828 --- [http-nio-8081-exec-2] c.e.U.User.Service.UserServiceImpl       : Users with ID 59 updated successfully.
2023-12-19 11:17:59.578  INFO 29828 --- [http-nio-8081-exec-2] c.e.U.User.Service.UserServiceImpl       : DB update Execution Time: 12 ms
2023-12-19 11:21:17.948  INFO 29828 --- [http-nio-8081-exec-5] c.e.U.User.Controller.UserController     : Received request to get users.
2023-12-19 11:21:17.955  INFO 29828 --- [http-nio-8081-exec-5] c.e.U.User.Service.UserServiceImpl       : GET API Response Time: 6 ms
2023-12-19 11:22:06.539  INFO 29828 --- [http-nio-8081-exec-6] c.e.U.User.Controller.UserController     : Received request to delete users with IDs: [310]
2023-12-19 11:22:06.544  INFO 29828 --- [http-nio-8081-exec-6] c.e.U.User.Service.UserServiceImpl       : DB deletion Execution Time: 5 ms
2023-12-19 11:22:06.545  INFO 29828 --- [http-nio-8081-exec-6] c.e.U.User.Controller.UserController     : DB Delete Execution Time: 6 ms
2023-12-19 11:36:15.110  INFO 29828 --- [File Watcher] rtingClassPathChangeChangedEventListener : Restarting due to 1 class path change (0 additions, 0 deletions, 1 modification)
2023-12-19 11:36:15.122  INFO 29828 --- [Thread-39] o.apache.catalina.core.StandardService   : Stopping service [Tomcat]
2023-12-19 11:36:15.123  INFO 29828 --- [Thread-39] o.a.c.c.C.[Tomcat].[localhost].[/]       : Destroying Spring FrameworkServlet 'dispatcherServlet'
2023-12-19 11:36:15.196  INFO 29828 --- [restartedMain] c.e.UserManagement.User.UserApplication  : Starting UserApplication using Java 17.0.9 on DESKTOP-LOH6BAM with PID 29828 (C:\Users\RajinikanthReddyOlad\eclipse-workspace\User\target\classes started by RajinikanthReddyOlad in C:\Users\RajinikanthReddyOlad\eclipse-workspace\User)
2023-12-19 11:36:15.197 DEBUG 29828 --- [restartedMain] c.e.UserManagement.User.UserApplication  : Running with Spring Boot v2.7.17, Spring v5.3.30
2023-12-19 11:36:15.197  INFO 29828 --- [restartedMain] c.e.UserManagement.User.UserApplication  : No active profile set, falling back to 1 default profile: "default"
2023-12-19 11:36:15.306  INFO 29828 --- [restartedMain] .s.d.r.c.RepositoryConfigurationDelegate : Bootstrapping Spring Data MongoDB repositories in DEFAULT mode.
2023-12-19 11:36:15.309  INFO 29828 --- [restartedMain] .s.d.r.c.RepositoryConfigurationDelegate : Finished Spring Data repository scanning in 2 ms. Found 0 MongoDB repository interfaces.
2023-12-19 11:36:15.356  INFO 29828 --- [restartedMain] o.s.b.w.embedded.tomcat.TomcatWebServer  : Tomcat initialized with port(s): 8081 (http)
2023-12-19 11:36:15.358  INFO 29828 --- [restartedMain] o.apache.catalina.core.StandardService   : Starting service [Tomcat]
2023-12-19 11:36:15.359  INFO 29828 --- [restartedMain] org.apache.catalina.core.StandardEngine  : Starting Servlet engine: [Apache Tomcat/9.0.82]
2023-12-19 11:36:15.368  INFO 29828 --- [restartedMain] o.a.c.c.C.[Tomcat].[localhost].[/]       : Initializing Spring embedded WebApplicationContext
2023-12-19 11:36:15.369  INFO 29828 --- [restartedMain] w.s.c.ServletWebServerApplicationContext : Root WebApplicationContext: initialization completed in 170 ms
2023-12-19 11:36:15.391  INFO 29828 --- [restartedMain] org.mongodb.driver.client                : MongoClient with metadata {"driver": {"name": "mongo-java-driver|sync|spring-boot", "version": "4.6.1"}, "os": {"type": "Windows", "name": "Windows 11", "architecture": "amd64", "version": "10.0"}, "platform": "Java/Oracle Corporation/17.0.9+11-LTS-201"} created with settings MongoClientSettings{readPreference=primary, writeConcern=WriteConcern{w=null, wTimeout=null ms, journal=null}, retryWrites=true, retryReads=true, readConcern=ReadConcern{level=null}, credential=null, streamFactoryFactory=null, commandListeners=[], codecRegistry=ProvidersCodecRegistry{codecProviders=[ValueCodecProvider{}, BsonValueCodecProvider{}, DBRefCodecProvider{}, DBObjectCodecProvider{}, DocumentCodecProvider{}, IterableCodecProvider{}, MapCodecProvider{}, GeoJsonCodecProvider{}, GridFSFileCodecProvider{}, Jsr310CodecProvider{}, JsonObjectCodecProvider{}, BsonCodecProvider{}, EnumCodecProvider{}, com.mongodb.Jep395RecordCodecProvider@157cc3dd]}, clusterSettings={hosts=[localhost:27017], srvServiceName=mongodb, mode=SINGLE, requiredClusterType=UNKNOWN, requiredReplicaSetName='null', serverSelector='null', clusterListeners='[]', serverSelectionTimeout='30000 ms', localThreshold='30000 ms'}, socketSettings=SocketSettings{connectTimeoutMS=10000, readTimeoutMS=0, receiveBufferSize=0, sendBufferSize=0}, heartbeatSocketSettings=SocketSettings{connectTimeoutMS=10000, readTimeoutMS=10000, receiveBufferSize=0, sendBufferSize=0}, connectionPoolSettings=ConnectionPoolSettings{maxSize=100, minSize=0, maxWaitTimeMS=120000, maxConnectionLifeTimeMS=0, maxConnectionIdleTimeMS=0, maintenanceInitialDelayMS=0, maintenanceFrequencyMS=60000, connectionPoolListeners=[], maxConnecting=2}, serverSettings=ServerSettings{heartbeatFrequencyMS=10000, minHeartbeatFrequencyMS=500, serverListeners='[]', serverMonitorListeners='[]'}, sslSettings=SslSettings{enabled=false, invalidHostNameAllowed=false, context=null}, applicationName='null', compressorList=[], uuidRepresentation=JAVA_LEGACY, serverApi=null, autoEncryptionSettings=null, contextProvider=null}
2023-12-19 11:36:15.394  INFO 29828 --- [cluster-ClusterId{value='658132d753c34b34cdfe99cd', description='null'}-localhost:27017] org.mongodb.driver.connection            : Opened connection [connectionId{localValue:26, serverValue:450}] to localhost:27017
2023-12-19 11:36:15.395  INFO 29828 --- [cluster-ClusterId{value='658132d753c34b34cdfe99cd', description='null'}-localhost:27017] org.mongodb.driver.cluster               : Monitor thread successfully connected to server with description ServerDescription{address=localhost:27017, type=STANDALONE, state=CONNECTED, ok=true, minWireVersion=0, maxWireVersion=21, maxDocumentSize=16777216, logicalSessionTimeoutMinutes=30, roundTripTimeNanos=1390700}
2023-12-19 11:36:15.397  INFO 29828 --- [cluster-rtt-ClusterId{value='658132d753c34b34cdfe99cd', description='null'}-localhost:27017] org.mongodb.driver.connection            : Opened connection [connectionId{localValue:27, serverValue:451}] to localhost:27017
2023-12-19 11:36:15.405  INFO 29828 --- [restartedMain] o.s.b.d.a.OptionalLiveReloadServer       : LiveReload server is running on port 35729
2023-12-19 11:36:15.431  INFO 29828 --- [restartedMain] f.a.AutowiredAnnotationBeanPostProcessor : Autowired annotation is not supported on static fields: private static org.springframework.data.mongodb.core.MongoOperations com.example.UserManagement.User.Service.SequenceGeneratorService.mongoOperations
2023-12-19 11:36:15.658  INFO 29828 --- [restartedMain] o.s.s.web.DefaultSecurityFilterChain     : Will secure any request with [org.springframework.security.web.session.DisableEncodeUrlFilter@2feec960, org.springframework.security.web.context.request.async.WebAsyncManagerIntegrationFilter@7d32230a, org.springframework.security.web.context.SecurityContextPersistenceFilter@73f7afa2, org.springframework.security.web.header.HeaderWriterFilter@5935bd79, org.springframework.security.web.authentication.logout.LogoutFilter@6196c861, org.springframework.security.web.authentication.www.BasicAuthenticationFilter@78ecc3dc, org.springframework.security.web.savedrequest.RequestCacheAwareFilter@7f3cf3a, org.springframework.security.web.servletapi.SecurityContextHolderAwareRequestFilter@73d964c8, org.springframework.security.web.authentication.AnonymousAuthenticationFilter@290817e3, org.springframework.security.web.session.SessionManagementFilter@1e7845f0, org.springframework.security.web.access.ExceptionTranslationFilter@4a87def8, org.springframework.security.web.access.intercept.AuthorizationFilter@4042958a]
2023-12-19 11:36:15.708  INFO 29828 --- [restartedMain] o.s.b.w.embedded.tomcat.TomcatWebServer  : Tomcat started on port(s): 8081 (http) with context path ''
2023-12-19 11:36:15.711  INFO 29828 --- [restartedMain] c.e.UserManagement.User.UserApplication  : Started UserApplication in 0.525 seconds (JVM running for 69382.522)
2023-12-19 11:36:15.712  INFO 29828 --- [restartedMain] .ConditionEvaluationDeltaLoggingListener : Condition evaluation unchanged
2023-12-19 11:36:25.690  INFO 29828 --- [http-nio-8081-exec-5] o.a.c.c.C.[Tomcat].[localhost].[/]       : Initializing Spring DispatcherServlet 'dispatcherServlet'
2023-12-19 11:36:25.692  INFO 29828 --- [http-nio-8081-exec-5] o.s.web.servlet.DispatcherServlet        : Initializing Servlet 'dispatcherServlet'
2023-12-19 11:36:25.693  INFO 29828 --- [http-nio-8081-exec-5] o.s.web.servlet.DispatcherServlet        : Completed initialization in 1 ms
2023-12-19 11:36:25.984  INFO 29828 --- [http-nio-8081-exec-5] c.e.U.User.Controller.UserController     : Received request to update user
2023-12-19 11:36:25.988  INFO 29828 --- [http-nio-8081-exec-5] org.mongodb.driver.connection            : Opened connection [connectionId{localValue:28, serverValue:452}] to localhost:27017
2023-12-19 11:36:25.998  INFO 29828 --- [http-nio-8081-exec-5] c.e.U.User.Service.UserServiceImpl       : Users with ID 59 updated successfully.
2023-12-19 11:36:25.999  INFO 29828 --- [http-nio-8081-exec-5] c.e.U.User.Service.UserServiceImpl       : DB update Execution Time: 14 ms
2023-12-19 11:37:31.925  INFO 29828 --- [http-nio-8081-exec-4] c.e.U.User.Controller.UserController     : Received request to create users.
2023-12-19 11:37:31.945  INFO 29828 --- [http-nio-8081-exec-4] c.e.U.User.Service.UserServiceImpl       : users Saved
2023-12-19 11:37:31.946  INFO 29828 --- [http-nio-8081-exec-4] c.e.U.User.Service.UserServiceImpl       : DB Create Execution Time: 20 ms
2023-12-19 11:37:31.946  INFO 29828 --- [http-nio-8081-exec-4] c.e.U.User.Controller.UserController     : DB Create Execution Time: 21 ms
2023-12-19 11:40:47.882  INFO 29828 --- [http-nio-8081-exec-8] c.e.U.User.Controller.UserController     : Received request to create users.
2023-12-19 11:40:47.887  INFO 29828 --- [http-nio-8081-exec-8] c.e.U.User.Service.UserServiceImpl       : users Saved
2023-12-19 11:40:47.887  INFO 29828 --- [http-nio-8081-exec-8] c.e.U.User.Service.UserServiceImpl       : DB Create Execution Time: 4 ms
2023-12-19 11:40:47.888  INFO 29828 --- [http-nio-8081-exec-8] c.e.U.User.Controller.UserController     : DB Create Execution Time: 6 ms
2023-12-19 11:43:03.895  INFO 29828 --- [http-nio-8081-exec-10] c.e.U.User.Controller.UserController     : Received request to update user
2023-12-19 11:43:03.900  INFO 29828 --- [http-nio-8081-exec-10] c.e.U.User.Service.UserServiceImpl       : Users with ID 59 updated successfully.
2023-12-19 11:43:03.900  INFO 29828 --- [http-nio-8081-exec-10] c.e.U.User.Service.UserServiceImpl       : DB update Execution Time: 4 ms
2023-12-19 11:44:43.495  INFO 29828 --- [http-nio-8081-exec-6] c.e.U.User.Controller.UserController     : Received request to create users.
2023-12-19 11:44:43.500  INFO 29828 --- [http-nio-8081-exec-6] c.e.U.User.Service.UserServiceImpl       : users Saved
2023-12-19 11:44:43.501  INFO 29828 --- [http-nio-8081-exec-6] c.e.U.User.Service.UserServiceImpl       : DB Create Execution Time: 5 ms
2023-12-19 11:44:43.502  INFO 29828 --- [http-nio-8081-exec-6] c.e.U.User.Controller.UserController     : DB Create Execution Time: 7 ms
2023-12-19 11:47:29.957  INFO 29828 --- [http-nio-8081-exec-2] c.e.U.User.Controller.UserController     : Received request to update user
2023-12-19 11:47:29.961  INFO 29828 --- [http-nio-8081-exec-2] c.e.U.User.Service.UserServiceImpl       : Users with ID 59 updated successfully.
2023-12-19 11:47:29.962  INFO 29828 --- [http-nio-8081-exec-2] c.e.U.User.Service.UserServiceImpl       : DB update Execution Time: 4 ms
2023-12-19 11:55:19.251  INFO 29828 --- [File Watcher] rtingClassPathChangeChangedEventListener : Restarting due to 1 class path change (0 additions, 0 deletions, 1 modification)
2023-12-19 11:55:19.262  INFO 29828 --- [Thread-43] o.apache.catalina.core.StandardService   : Stopping service [Tomcat]
2023-12-19 11:55:19.262  INFO 29828 --- [Thread-43] o.a.c.c.C.[Tomcat].[localhost].[/]       : Destroying Spring FrameworkServlet 'dispatcherServlet'
2023-12-19 11:55:19.334  INFO 29828 --- [restartedMain] c.e.UserManagement.User.UserApplication  : Starting UserApplication using Java 17.0.9 on DESKTOP-LOH6BAM with PID 29828 (C:\Users\RajinikanthReddyOlad\eclipse-workspace\User\target\classes started by RajinikanthReddyOlad in C:\Users\RajinikanthReddyOlad\eclipse-workspace\User)
2023-12-19 11:55:19.335 DEBUG 29828 --- [restartedMain] c.e.UserManagement.User.UserApplication  : Running with Spring Boot v2.7.17, Spring v5.3.30
2023-12-19 11:55:19.335  INFO 29828 --- [restartedMain] c.e.UserManagement.User.UserApplication  : No active profile set, falling back to 1 default profile: "default"
2023-12-19 11:55:19.425  INFO 29828 --- [restartedMain] .s.d.r.c.RepositoryConfigurationDelegate : Bootstrapping Spring Data MongoDB repositories in DEFAULT mode.
2023-12-19 11:55:19.429  INFO 29828 --- [restartedMain] .s.d.r.c.RepositoryConfigurationDelegate : Finished Spring Data repository scanning in 2 ms. Found 0 MongoDB repository interfaces.
2023-12-19 11:55:19.484  INFO 29828 --- [restartedMain] o.s.b.w.embedded.tomcat.TomcatWebServer  : Tomcat initialized with port(s): 8081 (http)
2023-12-19 11:55:19.485  INFO 29828 --- [restartedMain] o.apache.catalina.core.StandardService   : Starting service [Tomcat]
2023-12-19 11:55:19.485  INFO 29828 --- [restartedMain] org.apache.catalina.core.StandardEngine  : Starting Servlet engine: [Apache Tomcat/9.0.82]
2023-12-19 11:55:19.494  INFO 29828 --- [restartedMain] o.a.c.c.C.[Tomcat].[localhost].[/]       : Initializing Spring embedded WebApplicationContext
2023-12-19 11:55:19.495  INFO 29828 --- [restartedMain] w.s.c.ServletWebServerApplicationContext : Root WebApplicationContext: initialization completed in 159 ms
2023-12-19 11:55:19.512  INFO 29828 --- [restartedMain] org.mongodb.driver.client                : MongoClient with metadata {"driver": {"name": "mongo-java-driver|sync|spring-boot", "version": "4.6.1"}, "os": {"type": "Windows", "name": "Windows 11", "architecture": "amd64", "version": "10.0"}, "platform": "Java/Oracle Corporation/17.0.9+11-LTS-201"} created with settings MongoClientSettings{readPreference=primary, writeConcern=WriteConcern{w=null, wTimeout=null ms, journal=null}, retryWrites=true, retryReads=true, readConcern=ReadConcern{level=null}, credential=null, streamFactoryFactory=null, commandListeners=[], codecRegistry=ProvidersCodecRegistry{codecProviders=[ValueCodecProvider{}, BsonValueCodecProvider{}, DBRefCodecProvider{}, DBObjectCodecProvider{}, DocumentCodecProvider{}, IterableCodecProvider{}, MapCodecProvider{}, GeoJsonCodecProvider{}, GridFSFileCodecProvider{}, Jsr310CodecProvider{}, JsonObjectCodecProvider{}, BsonCodecProvider{}, EnumCodecProvider{}, com.mongodb.Jep395RecordCodecProvider@157cc3dd]}, clusterSettings={hosts=[localhost:27017], srvServiceName=mongodb, mode=SINGLE, requiredClusterType=UNKNOWN, requiredReplicaSetName='null', serverSelector='null', clusterListeners='[]', serverSelectionTimeout='30000 ms', localThreshold='30000 ms'}, socketSettings=SocketSettings{connectTimeoutMS=10000, readTimeoutMS=0, receiveBufferSize=0, sendBufferSize=0}, heartbeatSocketSettings=SocketSettings{connectTimeoutMS=10000, readTimeoutMS=10000, receiveBufferSize=0, sendBufferSize=0}, connectionPoolSettings=ConnectionPoolSettings{maxSize=100, minSize=0, maxWaitTimeMS=120000, maxConnectionLifeTimeMS=0, maxConnectionIdleTimeMS=0, maintenanceInitialDelayMS=0, maintenanceFrequencyMS=60000, connectionPoolListeners=[], maxConnecting=2}, serverSettings=ServerSettings{heartbeatFrequencyMS=10000, minHeartbeatFrequencyMS=500, serverListeners='[]', serverMonitorListeners='[]'}, sslSettings=SslSettings{enabled=false, invalidHostNameAllowed=false, context=null}, applicationName='null', compressorList=[], uuidRepresentation=JAVA_LEGACY, serverApi=null, autoEncryptionSettings=null, contextProvider=null}
2023-12-19 11:55:19.515  INFO 29828 --- [cluster-ClusterId{value='6581374f53c34b34cdfe99ce', description='null'}-localhost:27017] org.mongodb.driver.connection            : Opened connection [connectionId{localValue:29, serverValue:454}] to localhost:27017
2023-12-19 11:55:19.515  INFO 29828 --- [cluster-rtt-ClusterId{value='6581374f53c34b34cdfe99ce', description='null'}-localhost:27017] org.mongodb.driver.connection            : Opened connection [connectionId{localValue:30, serverValue:453}] to localhost:27017
2023-12-19 11:55:19.515  INFO 29828 --- [cluster-ClusterId{value='6581374f53c34b34cdfe99ce', description='null'}-localhost:27017] org.mongodb.driver.cluster               : Monitor thread successfully connected to server with description ServerDescription{address=localhost:27017, type=STANDALONE, state=CONNECTED, ok=true, minWireVersion=0, maxWireVersion=21, maxDocumentSize=16777216, logicalSessionTimeoutMinutes=30, roundTripTimeNanos=1689500}
2023-12-19 11:55:19.529  INFO 29828 --- [restartedMain] o.s.b.d.a.OptionalLiveReloadServer       : LiveReload server is running on port 35729
2023-12-19 11:55:19.546  INFO 29828 --- [restartedMain] f.a.AutowiredAnnotationBeanPostProcessor : Autowired annotation is not supported on static fields: private static org.springframework.data.mongodb.core.MongoOperations com.example.UserManagement.User.Service.SequenceGeneratorService.mongoOperations
2023-12-19 11:55:19.777  INFO 29828 --- [restartedMain] o.s.s.web.DefaultSecurityFilterChain     : Will secure any request with [org.springframework.security.web.session.DisableEncodeUrlFilter@5d41756c, org.springframework.security.web.context.request.async.WebAsyncManagerIntegrationFilter@1ac6ee9c, org.springframework.security.web.context.SecurityContextPersistenceFilter@1e29900a, org.springframework.security.web.header.HeaderWriterFilter@3c62968a, org.springframework.security.web.authentication.logout.LogoutFilter@cc58a0d, org.springframework.security.web.authentication.www.BasicAuthenticationFilter@7d741d2d, org.springframework.security.web.savedrequest.RequestCacheAwareFilter@4245a578, org.springframework.security.web.servletapi.SecurityContextHolderAwareRequestFilter@6abbbd7c, org.springframework.security.web.authentication.AnonymousAuthenticationFilter@52a3d91c, org.springframework.security.web.session.SessionManagementFilter@6bfbf952, org.springframework.security.web.access.ExceptionTranslationFilter@50419e21, org.springframework.security.web.access.intercept.AuthorizationFilter@542381d1]
2023-12-19 11:55:19.831  INFO 29828 --- [restartedMain] o.s.b.w.embedded.tomcat.TomcatWebServer  : Tomcat started on port(s): 8081 (http) with context path ''
2023-12-19 11:55:19.833  INFO 29828 --- [restartedMain] c.e.UserManagement.User.UserApplication  : Started UserApplication in 0.514 seconds (JVM running for 70526.645)
2023-12-19 11:55:19.835  INFO 29828 --- [restartedMain] .ConditionEvaluationDeltaLoggingListener : Condition evaluation unchanged
2023-12-19 11:59:11.128  INFO 29828 --- [File Watcher] rtingClassPathChangeChangedEventListener : Restarting due to 1 class path change (0 additions, 0 deletions, 1 modification)
2023-12-19 11:59:11.139  INFO 29828 --- [Thread-47] o.apache.catalina.core.StandardService   : Stopping service [Tomcat]
2023-12-19 11:59:11.208  INFO 29828 --- [restartedMain] c.e.UserManagement.User.UserApplication  : Starting UserApplication using Java 17.0.9 on DESKTOP-LOH6BAM with PID 29828 (C:\Users\RajinikanthReddyOlad\eclipse-workspace\User\target\classes started by RajinikanthReddyOlad in C:\Users\RajinikanthReddyOlad\eclipse-workspace\User)
2023-12-19 11:59:11.209 DEBUG 29828 --- [restartedMain] c.e.UserManagement.User.UserApplication  : Running with Spring Boot v2.7.17, Spring v5.3.30
2023-12-19 11:59:11.209  INFO 29828 --- [restartedMain] c.e.UserManagement.User.UserApplication  : No active profile set, falling back to 1 default profile: "default"
2023-12-19 11:59:11.282  INFO 29828 --- [restartedMain] .s.d.r.c.RepositoryConfigurationDelegate : Bootstrapping Spring Data MongoDB repositories in DEFAULT mode.
2023-12-19 11:59:11.286  INFO 29828 --- [restartedMain] .s.d.r.c.RepositoryConfigurationDelegate : Finished Spring Data repository scanning in 3 ms. Found 0 MongoDB repository interfaces.
2023-12-19 11:59:11.330  INFO 29828 --- [restartedMain] o.s.b.w.embedded.tomcat.TomcatWebServer  : Tomcat initialized with port(s): 8081 (http)
2023-12-19 11:59:11.331  INFO 29828 --- [restartedMain] o.apache.catalina.core.StandardService   : Starting service [Tomcat]
2023-12-19 11:59:11.332  INFO 29828 --- [restartedMain] org.apache.catalina.core.StandardEngine  : Starting Servlet engine: [Apache Tomcat/9.0.82]
2023-12-19 11:59:11.344  INFO 29828 --- [restartedMain] o.a.c.c.C.[Tomcat].[localhost].[/]       : Initializing Spring embedded WebApplicationContext
2023-12-19 11:59:11.344  INFO 29828 --- [restartedMain] w.s.c.ServletWebServerApplicationContext : Root WebApplicationContext: initialization completed in 133 ms
2023-12-19 11:59:11.359  INFO 29828 --- [restartedMain] org.mongodb.driver.client                : MongoClient with metadata {"driver": {"name": "mongo-java-driver|sync|spring-boot", "version": "4.6.1"}, "os": {"type": "Windows", "name": "Windows 11", "architecture": "amd64", "version": "10.0"}, "platform": "Java/Oracle Corporation/17.0.9+11-LTS-201"} created with settings MongoClientSettings{readPreference=primary, writeConcern=WriteConcern{w=null, wTimeout=null ms, journal=null}, retryWrites=true, retryReads=true, readConcern=ReadConcern{level=null}, credential=null, streamFactoryFactory=null, commandListeners=[], codecRegistry=ProvidersCodecRegistry{codecProviders=[ValueCodecProvider{}, BsonValueCodecProvider{}, DBRefCodecProvider{}, DBObjectCodecProvider{}, DocumentCodecProvider{}, IterableCodecProvider{}, MapCodecProvider{}, GeoJsonCodecProvider{}, GridFSFileCodecProvider{}, Jsr310CodecProvider{}, JsonObjectCodecProvider{}, BsonCodecProvider{}, EnumCodecProvider{}, com.mongodb.Jep395RecordCodecProvider@157cc3dd]}, clusterSettings={hosts=[localhost:27017], srvServiceName=mongodb, mode=SINGLE, requiredClusterType=UNKNOWN, requiredReplicaSetName='null', serverSelector='null', clusterListeners='[]', serverSelectionTimeout='30000 ms', localThreshold='30000 ms'}, socketSettings=SocketSettings{connectTimeoutMS=10000, readTimeoutMS=0, receiveBufferSize=0, sendBufferSize=0}, heartbeatSocketSettings=SocketSettings{connectTimeoutMS=10000, readTimeoutMS=10000, receiveBufferSize=0, sendBufferSize=0}, connectionPoolSettings=ConnectionPoolSettings{maxSize=100, minSize=0, maxWaitTimeMS=120000, maxConnectionLifeTimeMS=0, maxConnectionIdleTimeMS=0, maintenanceInitialDelayMS=0, maintenanceFrequencyMS=60000, connectionPoolListeners=[], maxConnecting=2}, serverSettings=ServerSettings{heartbeatFrequencyMS=10000, minHeartbeatFrequencyMS=500, serverListeners='[]', serverMonitorListeners='[]'}, sslSettings=SslSettings{enabled=false, invalidHostNameAllowed=false, context=null}, applicationName='null', compressorList=[], uuidRepresentation=JAVA_LEGACY, serverApi=null, autoEncryptionSettings=null, contextProvider=null}
2023-12-19 11:59:11.361  INFO 29828 --- [cluster-ClusterId{value='6581383753c34b34cdfe99cf', description='null'}-localhost:27017] org.mongodb.driver.connection            : Opened connection [connectionId{localValue:31, serverValue:455}] to localhost:27017
2023-12-19 11:59:11.361  INFO 29828 --- [cluster-rtt-ClusterId{value='6581383753c34b34cdfe99cf', description='null'}-localhost:27017] org.mongodb.driver.connection            : Opened connection [connectionId{localValue:32, serverValue:456}] to localhost:27017
2023-12-19 11:59:11.361  INFO 29828 --- [cluster-ClusterId{value='6581383753c34b34cdfe99cf', description='null'}-localhost:27017] org.mongodb.driver.cluster               : Monitor thread successfully connected to server with description ServerDescription{address=localhost:27017, type=STANDALONE, state=CONNECTED, ok=true, minWireVersion=0, maxWireVersion=21, maxDocumentSize=16777216, logicalSessionTimeoutMinutes=30, roundTripTimeNanos=1046000}
2023-12-19 11:59:11.367  INFO 29828 --- [restartedMain] o.s.b.d.a.OptionalLiveReloadServer       : LiveReload server is running on port 35729
2023-12-19 11:59:11.383  INFO 29828 --- [restartedMain] f.a.AutowiredAnnotationBeanPostProcessor : Autowired annotation is not supported on static fields: private static org.springframework.data.mongodb.core.MongoOperations com.example.UserManagement.User.Service.SequenceGeneratorService.mongoOperations
2023-12-19 11:59:11.585  INFO 29828 --- [restartedMain] o.s.s.web.DefaultSecurityFilterChain     : Will secure any request with [org.springframework.security.web.session.DisableEncodeUrlFilter@4c8862cb, org.springframework.security.web.context.request.async.WebAsyncManagerIntegrationFilter@19797a98, org.springframework.security.web.context.SecurityContextPersistenceFilter@2346aea9, org.springframework.security.web.header.HeaderWriterFilter@292ee685, org.springframework.security.web.authentication.logout.LogoutFilter@cc9c005, org.springframework.security.web.authentication.www.BasicAuthenticationFilter@e8342f6, org.springframework.security.web.savedrequest.RequestCacheAwareFilter@727e6fb4, org.springframework.security.web.servletapi.SecurityContextHolderAwareRequestFilter@2c3aa5b0, org.springframework.security.web.authentication.AnonymousAuthenticationFilter@44f74c1a, org.springframework.security.web.session.SessionManagementFilter@29d3e676, org.springframework.security.web.access.ExceptionTranslationFilter@ecbe459, org.springframework.security.web.access.intercept.AuthorizationFilter@74a53ecb]
2023-12-19 11:59:11.629  INFO 29828 --- [restartedMain] o.s.b.w.embedded.tomcat.TomcatWebServer  : Tomcat started on port(s): 8081 (http) with context path ''
2023-12-19 11:59:11.630  INFO 29828 --- [restartedMain] c.e.UserManagement.User.UserApplication  : Started UserApplication in 0.437 seconds (JVM running for 70758.442)
2023-12-19 11:59:11.631  INFO 29828 --- [restartedMain] .ConditionEvaluationDeltaLoggingListener : Condition evaluation unchanged
2023-12-19 11:59:18.532  INFO 29828 --- [http-nio-8081-exec-1] o.a.c.c.C.[Tomcat].[localhost].[/]       : Initializing Spring DispatcherServlet 'dispatcherServlet'
2023-12-19 11:59:18.533  INFO 29828 --- [http-nio-8081-exec-1] o.s.web.servlet.DispatcherServlet        : Initializing Servlet 'dispatcherServlet'
2023-12-19 11:59:18.534  INFO 29828 --- [http-nio-8081-exec-1] o.s.web.servlet.DispatcherServlet        : Completed initialization in 1 ms
2023-12-19 11:59:18.601  INFO 29828 --- [http-nio-8081-exec-1] c.e.U.User.Controller.UserController     : Received request to create users.
2023-12-19 11:59:18.606  INFO 29828 --- [http-nio-8081-exec-1] org.mongodb.driver.connection            : Opened connection [connectionId{localValue:33, serverValue:457}] to localhost:27017
2023-12-19 11:59:18.611  INFO 29828 --- [http-nio-8081-exec-1] c.e.U.User.Service.UserServiceImpl       : DB Create Execution Time: 8 ms
2023-12-19 11:59:18.638  WARN 29828 --- [http-nio-8081-exec-1] .m.m.a.ExceptionHandlerExceptionResolver : Resolved [org.springframework.web.util.NestedServletException: Handler dispatch failed; nested exception is java.lang.Error: Unresolved compilation problem: <EOL>?Syntax error on token ".", delete this token<EOL>]
2023-12-19 12:00:12.876  INFO 21748 --- [restartedMain] c.e.UserManagement.User.UserApplication  : Starting UserApplication using Java 17.0.9 on DESKTOP-LOH6BAM with PID 21748 (C:\Users\RajinikanthReddyOlad\eclipse-workspace\User\target\classes started by RajinikanthReddyOlad in C:\Users\RajinikanthReddyOlad\eclipse-workspace\User)
2023-12-19 12:00:12.878 DEBUG 21748 --- [restartedMain] c.e.UserManagement.User.UserApplication  : Running with Spring Boot v2.7.17, Spring v5.3.30
2023-12-19 12:00:12.879  INFO 21748 --- [restartedMain] c.e.UserManagement.User.UserApplication  : No active profile set, falling back to 1 default profile: "default"
2023-12-19 12:00:12.934  INFO 21748 --- [restartedMain] .e.DevToolsPropertyDefaultsPostProcessor : Devtools property defaults active! Set 'spring.devtools.add-properties' to 'false' to disable
2023-12-19 12:00:12.935  INFO 21748 --- [restartedMain] .e.DevToolsPropertyDefaultsPostProcessor : For additional web related logging consider setting the 'logging.level.web' property to 'DEBUG'
2023-12-19 12:00:13.589  INFO 21748 --- [restartedMain] .s.d.r.c.RepositoryConfigurationDelegate : Bootstrapping Spring Data MongoDB repositories in DEFAULT mode.
2023-12-19 12:00:13.601  INFO 21748 --- [restartedMain] .s.d.r.c.RepositoryConfigurationDelegate : Finished Spring Data repository scanning in 6 ms. Found 0 MongoDB repository interfaces.
2023-12-19 12:00:14.318  INFO 21748 --- [restartedMain] o.s.b.w.embedded.tomcat.TomcatWebServer  : Tomcat initialized with port(s): 8081 (http)
2023-12-19 12:00:14.339  INFO 21748 --- [restartedMain] o.apache.catalina.core.StandardService   : Starting service [Tomcat]
2023-12-19 12:00:14.341  INFO 21748 --- [restartedMain] org.apache.catalina.core.StandardEngine  : Starting Servlet engine: [Apache Tomcat/9.0.82]
2023-12-19 12:00:14.443  INFO 21748 --- [restartedMain] o.a.c.c.C.[Tomcat].[localhost].[/]       : Initializing Spring embedded WebApplicationContext
2023-12-19 12:00:14.444  INFO 21748 --- [restartedMain] w.s.c.ServletWebServerApplicationContext : Root WebApplicationContext: initialization completed in 1508 ms
2023-12-19 12:00:14.757  INFO 21748 --- [restartedMain] org.mongodb.driver.client                : MongoClient with metadata {"driver": {"name": "mongo-java-driver|sync|spring-boot", "version": "4.6.1"}, "os": {"type": "Windows", "name": "Windows 11", "architecture": "amd64", "version": "10.0"}, "platform": "Java/Oracle Corporation/17.0.9+11-LTS-201"} created with settings MongoClientSettings{readPreference=primary, writeConcern=WriteConcern{w=null, wTimeout=null ms, journal=null}, retryWrites=true, retryReads=true, readConcern=ReadConcern{level=null}, credential=null, streamFactoryFactory=null, commandListeners=[], codecRegistry=ProvidersCodecRegistry{codecProviders=[ValueCodecProvider{}, BsonValueCodecProvider{}, DBRefCodecProvider{}, DBObjectCodecProvider{}, DocumentCodecProvider{}, IterableCodecProvider{}, MapCodecProvider{}, GeoJsonCodecProvider{}, GridFSFileCodecProvider{}, Jsr310CodecProvider{}, JsonObjectCodecProvider{}, BsonCodecProvider{}, EnumCodecProvider{}, com.mongodb.Jep395RecordCodecProvider@63cff58]}, clusterSettings={hosts=[localhost:27017], srvServiceName=mongodb, mode=SINGLE, requiredClusterType=UNKNOWN, requiredReplicaSetName='null', serverSelector='null', clusterListeners='[]', serverSelectionTimeout='30000 ms', localThreshold='30000 ms'}, socketSettings=SocketSettings{connectTimeoutMS=10000, readTimeoutMS=0, receiveBufferSize=0, sendBufferSize=0}, heartbeatSocketSettings=SocketSettings{connectTimeoutMS=10000, readTimeoutMS=10000, receiveBufferSize=0, sendBufferSize=0}, connectionPoolSettings=ConnectionPoolSettings{maxSize=100, minSize=0, maxWaitTimeMS=120000, maxConnectionLifeTimeMS=0, maxConnectionIdleTimeMS=0, maintenanceInitialDelayMS=0, maintenanceFrequencyMS=60000, connectionPoolListeners=[], maxConnecting=2}, serverSettings=ServerSettings{heartbeatFrequencyMS=10000, minHeartbeatFrequencyMS=500, serverListeners='[]', serverMonitorListeners='[]'}, sslSettings=SslSettings{enabled=false, invalidHostNameAllowed=false, context=null}, applicationName='null', compressorList=[], uuidRepresentation=JAVA_LEGACY, serverApi=null, autoEncryptionSettings=null, contextProvider=null}
2023-12-19 12:00:14.789  INFO 21748 --- [cluster-ClusterId{value='658138760912627c24e7e754', description='null'}-localhost:27017] org.mongodb.driver.connection            : Opened connection [connectionId{localValue:1, serverValue:458}] to localhost:27017
2023-12-19 12:00:14.789  INFO 21748 --- [cluster-rtt-ClusterId{value='658138760912627c24e7e754', description='null'}-localhost:27017] org.mongodb.driver.connection            : Opened connection [connectionId{localValue:2, serverValue:459}] to localhost:27017
2023-12-19 12:00:14.790  INFO 21748 --- [cluster-ClusterId{value='658138760912627c24e7e754', description='null'}-localhost:27017] org.mongodb.driver.cluster               : Monitor thread successfully connected to server with description ServerDescription{address=localhost:27017, type=STANDALONE, state=CONNECTED, ok=true, minWireVersion=0, maxWireVersion=21, maxDocumentSize=16777216, logicalSessionTimeoutMinutes=30, roundTripTimeNanos=23978300}
2023-12-19 12:00:15.007  INFO 21748 --- [restartedMain] o.s.b.d.a.OptionalLiveReloadServer       : LiveReload server is running on port 35729
2023-12-19 12:00:15.174  INFO 21748 --- [restartedMain] f.a.AutowiredAnnotationBeanPostProcessor : Autowired annotation is not supported on static fields: private static org.springframework.data.mongodb.core.MongoOperations com.example.UserManagement.User.Service.SequenceGeneratorService.mongoOperations
2023-12-19 12:00:15.528  INFO 21748 --- [restartedMain] o.s.s.web.DefaultSecurityFilterChain     : Will secure any request with [org.springframework.security.web.session.DisableEncodeUrlFilter@71333c81, org.springframework.security.web.context.request.async.WebAsyncManagerIntegrationFilter@4c6c640f, org.springframework.security.web.context.SecurityContextPersistenceFilter@4557a351, org.springframework.security.web.header.HeaderWriterFilter@39f42051, org.springframework.security.web.authentication.logout.LogoutFilter@3eb609ce, org.springframework.security.web.authentication.www.BasicAuthenticationFilter@bc6d49c, org.springframework.security.web.savedrequest.RequestCacheAwareFilter@4e5e0fe6, org.springframework.security.web.servletapi.SecurityContextHolderAwareRequestFilter@5feaa44f, org.springframework.security.web.authentication.AnonymousAuthenticationFilter@39a508fa, org.springframework.security.web.session.SessionManagementFilter@67d5e55c, org.springframework.security.web.access.ExceptionTranslationFilter@3dc7eb69, org.springframework.security.web.access.intercept.AuthorizationFilter@6dc0db03]
2023-12-19 12:00:16.013  INFO 21748 --- [restartedMain] o.s.b.w.embedded.tomcat.TomcatWebServer  : Tomcat started on port(s): 8081 (http) with context path ''
2023-12-19 12:00:16.027  INFO 21748 --- [restartedMain] c.e.UserManagement.User.UserApplication  : Started UserApplication in 3.472 seconds (JVM running for 3.81)
2023-12-19 12:00:19.377  INFO 21748 --- [File Watcher] rtingClassPathChangeChangedEventListener : Restarting due to 1 class path change (0 additions, 0 deletions, 1 modification)
2023-12-19 12:00:19.391  INFO 21748 --- [Thread-4] o.apache.catalina.core.StandardService   : Stopping service [Tomcat]
2023-12-19 12:00:19.464  INFO 21748 --- [restartedMain] c.e.UserManagement.User.UserApplication  : Starting UserApplication using Java 17.0.9 on DESKTOP-LOH6BAM with PID 21748 (C:\Users\RajinikanthReddyOlad\eclipse-workspace\User\target\classes started by RajinikanthReddyOlad in C:\Users\RajinikanthReddyOlad\eclipse-workspace\User)
2023-12-19 12:00:19.465 DEBUG 21748 --- [restartedMain] c.e.UserManagement.User.UserApplication  : Running with Spring Boot v2.7.17, Spring v5.3.30
2023-12-19 12:00:19.465  INFO 21748 --- [restartedMain] c.e.UserManagement.User.UserApplication  : No active profile set, falling back to 1 default profile: "default"
2023-12-19 12:00:19.629  INFO 21748 --- [restartedMain] .s.d.r.c.RepositoryConfigurationDelegate : Bootstrapping Spring Data MongoDB repositories in DEFAULT mode.
2023-12-19 12:00:19.632  INFO 21748 --- [restartedMain] .s.d.r.c.RepositoryConfigurationDelegate : Finished Spring Data repository scanning in 2 ms. Found 0 MongoDB repository interfaces.
2023-12-19 12:00:19.712  INFO 21748 --- [restartedMain] o.s.b.w.embedded.tomcat.TomcatWebServer  : Tomcat initialized with port(s): 8081 (http)
2023-12-19 12:00:19.714  INFO 21748 --- [restartedMain] o.apache.catalina.core.StandardService   : Starting service [Tomcat]
2023-12-19 12:00:19.714  INFO 21748 --- [restartedMain] org.apache.catalina.core.StandardEngine  : Starting Servlet engine: [Apache Tomcat/9.0.82]
2023-12-19 12:00:19.732  INFO 21748 --- [restartedMain] o.a.c.c.C.[Tomcat].[localhost].[/]       : Initializing Spring embedded WebApplicationContext
2023-12-19 12:00:19.733  INFO 21748 --- [restartedMain] w.s.c.ServletWebServerApplicationContext : Root WebApplicationContext: initialization completed in 265 ms
2023-12-19 12:00:19.759  INFO 21748 --- [restartedMain] org.mongodb.driver.client                : MongoClient with metadata {"driver": {"name": "mongo-java-driver|sync|spring-boot", "version": "4.6.1"}, "os": {"type": "Windows", "name": "Windows 11", "architecture": "amd64", "version": "10.0"}, "platform": "Java/Oracle Corporation/17.0.9+11-LTS-201"} created with settings MongoClientSettings{readPreference=primary, writeConcern=WriteConcern{w=null, wTimeout=null ms, journal=null}, retryWrites=true, retryReads=true, readConcern=ReadConcern{level=null}, credential=null, streamFactoryFactory=null, commandListeners=[], codecRegistry=ProvidersCodecRegistry{codecProviders=[ValueCodecProvider{}, BsonValueCodecProvider{}, DBRefCodecProvider{}, DBObjectCodecProvider{}, DocumentCodecProvider{}, IterableCodecProvider{}, MapCodecProvider{}, GeoJsonCodecProvider{}, GridFSFileCodecProvider{}, Jsr310CodecProvider{}, JsonObjectCodecProvider{}, BsonCodecProvider{}, EnumCodecProvider{}, com.mongodb.Jep395RecordCodecProvider@63cff58]}, clusterSettings={hosts=[localhost:27017], srvServiceName=mongodb, mode=SINGLE, requiredClusterType=UNKNOWN, requiredReplicaSetName='null', serverSelector='null', clusterListeners='[]', serverSelectionTimeout='30000 ms', localThreshold='30000 ms'}, socketSettings=SocketSettings{connectTimeoutMS=10000, readTimeoutMS=0, receiveBufferSize=0, sendBufferSize=0}, heartbeatSocketSettings=SocketSettings{connectTimeoutMS=10000, readTimeoutMS=10000, receiveBufferSize=0, sendBufferSize=0}, connectionPoolSettings=ConnectionPoolSettings{maxSize=100, minSize=0, maxWaitTimeMS=120000, maxConnectionLifeTimeMS=0, maxConnectionIdleTimeMS=0, maintenanceInitialDelayMS=0, maintenanceFrequencyMS=60000, connectionPoolListeners=[], maxConnecting=2}, serverSettings=ServerSettings{heartbeatFrequencyMS=10000, minHeartbeatFrequencyMS=500, serverListeners='[]', serverMonitorListeners='[]'}, sslSettings=SslSettings{enabled=false, invalidHostNameAllowed=false, context=null}, applicationName='null', compressorList=[], uuidRepresentation=JAVA_LEGACY, serverApi=null, autoEncryptionSettings=null, contextProvider=null}
2023-12-19 12:00:19.762  INFO 21748 --- [cluster-rtt-ClusterId{value='6581387b0912627c24e7e755', description='null'}-localhost:27017] org.mongodb.driver.connection            : Opened connection [connectionId{localValue:4, serverValue:461}] to localhost:27017
2023-12-19 12:00:19.762  INFO 21748 --- [cluster-ClusterId{value='6581387b0912627c24e7e755', description='null'}-localhost:27017] org.mongodb.driver.connection            : Opened connection [connectionId{localValue:3, serverValue:460}] to localhost:27017
2023-12-19 12:00:19.763  INFO 21748 --- [cluster-ClusterId{value='6581387b0912627c24e7e755', description='null'}-localhost:27017] org.mongodb.driver.cluster               : Monitor thread successfully connected to server with description ServerDescription{address=localhost:27017, type=STANDALONE, state=CONNECTED, ok=true, minWireVersion=0, maxWireVersion=21, maxDocumentSize=16777216, logicalSessionTimeoutMinutes=30, roundTripTimeNanos=1962700}
2023-12-19 12:00:19.774  INFO 21748 --- [restartedMain] o.s.b.d.a.OptionalLiveReloadServer       : LiveReload server is running on port 35729
2023-12-19 12:00:19.821  INFO 21748 --- [restartedMain] f.a.AutowiredAnnotationBeanPostProcessor : Autowired annotation is not supported on static fields: private static org.springframework.data.mongodb.core.MongoOperations com.example.UserManagement.User.Service.SequenceGeneratorService.mongoOperations
2023-12-19 12:00:20.049  INFO 21748 --- [restartedMain] o.s.s.web.DefaultSecurityFilterChain     : Will secure any request with [org.springframework.security.web.session.DisableEncodeUrlFilter@269f7466, org.springframework.security.web.context.request.async.WebAsyncManagerIntegrationFilter@35754dca, org.springframework.security.web.context.SecurityContextPersistenceFilter@393ef4b6, org.springframework.security.web.header.HeaderWriterFilter@5fe02f49, org.springframework.security.web.authentication.logout.LogoutFilter@3f0ffff9, org.springframework.security.web.authentication.www.BasicAuthenticationFilter@66afbf7d, org.springframework.security.web.savedrequest.RequestCacheAwareFilter@7f027f2c, org.springframework.security.web.servletapi.SecurityContextHolderAwareRequestFilter@21469de2, org.springframework.security.web.authentication.AnonymousAuthenticationFilter@52a7e459, org.springframework.security.web.session.SessionManagementFilter@73546311, org.springframework.security.web.access.ExceptionTranslationFilter@7883e5b, org.springframework.security.web.access.intercept.AuthorizationFilter@46a42227]
2023-12-19 12:00:20.180  INFO 21748 --- [restartedMain] o.s.b.w.embedded.tomcat.TomcatWebServer  : Tomcat started on port(s): 8081 (http) with context path ''
2023-12-19 12:00:20.184  INFO 21748 --- [restartedMain] c.e.UserManagement.User.UserApplication  : Started UserApplication in 0.741 seconds (JVM running for 7.968)
2023-12-19 12:00:20.187  INFO 21748 --- [restartedMain] .ConditionEvaluationDeltaLoggingListener : Condition evaluation unchanged
2023-12-19 12:00:41.315  INFO 21748 --- [http-nio-8081-exec-2] o.a.c.c.C.[Tomcat].[localhost].[/]       : Initializing Spring DispatcherServlet 'dispatcherServlet'
2023-12-19 12:00:41.316  INFO 21748 --- [http-nio-8081-exec-2] o.s.web.servlet.DispatcherServlet        : Initializing Servlet 'dispatcherServlet'
2023-12-19 12:00:41.318  INFO 21748 --- [http-nio-8081-exec-2] o.s.web.servlet.DispatcherServlet        : Completed initialization in 1 ms
2023-12-19 12:00:41.918  INFO 21748 --- [http-nio-8081-exec-2] c.e.U.User.Controller.UserController     : Received request to create users.
2023-12-19 12:00:42.025  INFO 21748 --- [http-nio-8081-exec-2] org.mongodb.driver.connection            : Opened connection [connectionId{localValue:5, serverValue:462}] to localhost:27017
2023-12-19 12:00:42.221  INFO 21748 --- [http-nio-8081-exec-2] c.e.U.User.Service.UserServiceImpl       : users Saved
2023-12-19 12:00:42.222  INFO 21748 --- [http-nio-8081-exec-2] c.e.U.User.Service.UserServiceImpl       : DB Create Execution Time: 302 ms
2023-12-19 12:00:42.225  INFO 21748 --- [http-nio-8081-exec-2] c.e.U.User.Controller.UserController     : DB Create Execution Time: 307 ms
2023-12-19 12:08:10.985  INFO 21748 --- [File Watcher] rtingClassPathChangeChangedEventListener : Restarting due to 1 class path change (0 additions, 0 deletions, 1 modification)
2023-12-19 12:08:10.996  INFO 21748 --- [Thread-7] o.apache.catalina.core.StandardService   : Stopping service [Tomcat]
2023-12-19 12:08:10.997  INFO 21748 --- [Thread-7] o.a.c.c.C.[Tomcat].[localhost].[/]       : Destroying Spring FrameworkServlet 'dispatcherServlet'
2023-12-19 12:08:11.068  INFO 21748 --- [restartedMain] c.e.UserManagement.User.UserApplication  : Starting UserApplication using Java 17.0.9 on DESKTOP-LOH6BAM with PID 21748 (C:\Users\RajinikanthReddyOlad\eclipse-workspace\User\target\classes started by RajinikanthReddyOlad in C:\Users\RajinikanthReddyOlad\eclipse-workspace\User)
2023-12-19 12:08:11.069 DEBUG 21748 --- [restartedMain] c.e.UserManagement.User.UserApplication  : Running with Spring Boot v2.7.17, Spring v5.3.30
2023-12-19 12:08:11.069  INFO 21748 --- [restartedMain] c.e.UserManagement.User.UserApplication  : No active profile set, falling back to 1 default profile: "default"
2023-12-19 12:08:11.182  INFO 21748 --- [restartedMain] .s.d.r.c.RepositoryConfigurationDelegate : Bootstrapping Spring Data MongoDB repositories in DEFAULT mode.
2023-12-19 12:08:11.185  INFO 21748 --- [restartedMain] .s.d.r.c.RepositoryConfigurationDelegate : Finished Spring Data repository scanning in 2 ms. Found 0 MongoDB repository interfaces.
2023-12-19 12:08:11.255  INFO 21748 --- [restartedMain] o.s.b.w.embedded.tomcat.TomcatWebServer  : Tomcat initialized with port(s): 8081 (http)
2023-12-19 12:08:11.256  INFO 21748 --- [restartedMain] o.apache.catalina.core.StandardService   : Starting service [Tomcat]
2023-12-19 12:08:11.257  INFO 21748 --- [restartedMain] org.apache.catalina.core.StandardEngine  : Starting Servlet engine: [Apache Tomcat/9.0.82]
2023-12-19 12:08:11.269  INFO 21748 --- [restartedMain] o.a.c.c.C.[Tomcat].[localhost].[/]       : Initializing Spring embedded WebApplicationContext
2023-12-19 12:08:11.270  INFO 21748 --- [restartedMain] w.s.c.ServletWebServerApplicationContext : Root WebApplicationContext: initialization completed in 198 ms
2023-12-19 12:08:11.305  INFO 21748 --- [restartedMain] org.mongodb.driver.client                : MongoClient with metadata {"driver": {"name": "mongo-java-driver|sync|spring-boot", "version": "4.6.1"}, "os": {"type": "Windows", "name": "Windows 11", "architecture": "amd64", "version": "10.0"}, "platform": "Java/Oracle Corporation/17.0.9+11-LTS-201"} created with settings MongoClientSettings{readPreference=primary, writeConcern=WriteConcern{w=null, wTimeout=null ms, journal=null}, retryWrites=true, retryReads=true, readConcern=ReadConcern{level=null}, credential=null, streamFactoryFactory=null, commandListeners=[], codecRegistry=ProvidersCodecRegistry{codecProviders=[ValueCodecProvider{}, BsonValueCodecProvider{}, DBRefCodecProvider{}, DBObjectCodecProvider{}, DocumentCodecProvider{}, IterableCodecProvider{}, MapCodecProvider{}, GeoJsonCodecProvider{}, GridFSFileCodecProvider{}, Jsr310CodecProvider{}, JsonObjectCodecProvider{}, BsonCodecProvider{}, EnumCodecProvider{}, com.mongodb.Jep395RecordCodecProvider@63cff58]}, clusterSettings={hosts=[localhost:27017], srvServiceName=mongodb, mode=SINGLE, requiredClusterType=UNKNOWN, requiredReplicaSetName='null', serverSelector='null', clusterListeners='[]', serverSelectionTimeout='30000 ms', localThreshold='30000 ms'}, socketSettings=SocketSettings{connectTimeoutMS=10000, readTimeoutMS=0, receiveBufferSize=0, sendBufferSize=0}, heartbeatSocketSettings=SocketSettings{connectTimeoutMS=10000, readTimeoutMS=10000, receiveBufferSize=0, sendBufferSize=0}, connectionPoolSettings=ConnectionPoolSettings{maxSize=100, minSize=0, maxWaitTimeMS=120000, maxConnectionLifeTimeMS=0, maxConnectionIdleTimeMS=0, maintenanceInitialDelayMS=0, maintenanceFrequencyMS=60000, connectionPoolListeners=[], maxConnecting=2}, serverSettings=ServerSettings{heartbeatFrequencyMS=10000, minHeartbeatFrequencyMS=500, serverListeners='[]', serverMonitorListeners='[]'}, sslSettings=SslSettings{enabled=false, invalidHostNameAllowed=false, context=null}, applicationName='null', compressorList=[], uuidRepresentation=JAVA_LEGACY, serverApi=null, autoEncryptionSettings=null, contextProvider=null}
2023-12-19 12:08:11.307  INFO 21748 --- [cluster-rtt-ClusterId{value='65813a530912627c24e7e756', description='null'}-localhost:27017] org.mongodb.driver.connection            : Opened connection [connectionId{localValue:7, serverValue:464}] to localhost:27017
2023-12-19 12:08:11.307  INFO 21748 --- [cluster-ClusterId{value='65813a530912627c24e7e756', description='null'}-localhost:27017] org.mongodb.driver.connection            : Opened connection [connectionId{localValue:6, serverValue:463}] to localhost:27017
2023-12-19 12:08:11.309  INFO 21748 --- [cluster-ClusterId{value='65813a530912627c24e7e756', description='null'}-localhost:27017] org.mongodb.driver.cluster               : Monitor thread successfully connected to server with description ServerDescription{address=localhost:27017, type=STANDALONE, state=CONNECTED, ok=true, minWireVersion=0, maxWireVersion=21, maxDocumentSize=16777216, logicalSessionTimeoutMinutes=30, roundTripTimeNanos=1872100}
2023-12-19 12:08:11.322  INFO 21748 --- [restartedMain] o.s.b.d.a.OptionalLiveReloadServer       : LiveReload server is running on port 35729
2023-12-19 12:08:11.354  INFO 21748 --- [restartedMain] f.a.AutowiredAnnotationBeanPostProcessor : Autowired annotation is not supported on static fields: private static org.springframework.data.mongodb.core.MongoOperations com.example.UserManagement.User.Service.SequenceGeneratorService.mongoOperations
2023-12-19 12:08:11.589  INFO 21748 --- [restartedMain] o.s.s.web.DefaultSecurityFilterChain     : Will secure any request with [org.springframework.security.web.session.DisableEncodeUrlFilter@2d4086ed, org.springframework.security.web.context.request.async.WebAsyncManagerIntegrationFilter@5fb2d49d, org.springframework.security.web.context.SecurityContextPersistenceFilter@1d4d2395, org.springframework.security.web.header.HeaderWriterFilter@e77a6a3, org.springframework.security.web.authentication.logout.LogoutFilter@4b3509b0, org.springframework.security.web.authentication.www.BasicAuthenticationFilter@4edb6e0f, org.springframework.security.web.savedrequest.RequestCacheAwareFilter@48220667, org.springframework.security.web.servletapi.SecurityContextHolderAwareRequestFilter@7b53f37e, org.springframework.security.web.authentication.AnonymousAuthenticationFilter@2fa6a5f8, org.springframework.security.web.session.SessionManagementFilter@203c8777, org.springframework.security.web.access.ExceptionTranslationFilter@341c34d7, org.springframework.security.web.access.intercept.AuthorizationFilter@7750e69d]
2023-12-19 12:08:11.664  INFO 21748 --- [restartedMain] o.s.b.w.embedded.tomcat.TomcatWebServer  : Tomcat started on port(s): 8081 (http) with context path ''
2023-12-19 12:08:11.667  INFO 21748 --- [restartedMain] c.e.UserManagement.User.UserApplication  : Started UserApplication in 0.618 seconds (JVM running for 479.45)
2023-12-19 12:08:11.668  INFO 21748 --- [restartedMain] .ConditionEvaluationDeltaLoggingListener : Condition evaluation unchanged
2023-12-19 12:08:21.210  INFO 21748 --- [http-nio-8081-exec-4] o.a.c.c.C.[Tomcat].[localhost].[/]       : Initializing Spring DispatcherServlet 'dispatcherServlet'
2023-12-19 12:08:21.211  INFO 21748 --- [http-nio-8081-exec-4] o.s.web.servlet.DispatcherServlet        : Initializing Servlet 'dispatcherServlet'
2023-12-19 12:08:21.212  INFO 21748 --- [http-nio-8081-exec-4] o.s.web.servlet.DispatcherServlet        : Completed initialization in 1 ms
2023-12-19 12:08:21.338  INFO 21748 --- [http-nio-8081-exec-4] c.e.U.User.Controller.UserController     : Received request to create users.
2023-12-19 12:08:21.346  INFO 21748 --- [http-nio-8081-exec-4] org.mongodb.driver.connection            : Opened connection [connectionId{localValue:8, serverValue:465}] to localhost:27017
2023-12-19 12:08:21.370  INFO 21748 --- [http-nio-8081-exec-4] c.e.U.User.Service.UserServiceImpl       : users Saved
2023-12-19 12:08:21.371  INFO 21748 --- [http-nio-8081-exec-4] c.e.U.User.Service.UserServiceImpl       : DB Create Execution Time: 32 ms
2023-12-19 12:08:21.371  INFO 21748 --- [http-nio-8081-exec-4] c.e.U.User.Controller.UserController     : DB Create Execution Time: 33 ms
2023-12-19 12:12:36.548  INFO 21748 --- [http-nio-8081-exec-5] c.e.U.User.Controller.UserController     : Received request to update user
2023-12-19 12:12:36.581  INFO 21748 --- [http-nio-8081-exec-5] c.e.U.User.Service.UserServiceImpl       : Users with ID 66 updated successfully.
2023-12-19 12:12:36.582  INFO 21748 --- [http-nio-8081-exec-5] c.e.U.User.Service.UserServiceImpl       : DB update Execution Time: 33 ms
2023-12-19 12:17:52.658  INFO 21748 --- [http-nio-8081-exec-1] c.e.U.User.Controller.UserController     : Received request to get users.
2023-12-19 12:17:52.706  INFO 21748 --- [http-nio-8081-exec-1] c.e.U.User.Service.UserServiceImpl       : GET API Response Time: 45 ms
2023-12-19 12:18:04.580  INFO 21748 --- [http-nio-8081-exec-4] c.e.U.User.Controller.UserController     : Received request to create users.
2023-12-19 12:18:04.586  INFO 21748 --- [http-nio-8081-exec-4] c.e.U.User.Service.UserServiceImpl       : users Saved
2023-12-19 12:18:04.587  INFO 21748 --- [http-nio-8081-exec-4] c.e.U.User.Service.UserServiceImpl       : DB Create Execution Time: 6 ms
2023-12-19 12:18:04.587  INFO 21748 --- [http-nio-8081-exec-4] c.e.U.User.Controller.UserController     : DB Create Execution Time: 7 ms
2023-12-19 12:21:22.498  INFO 21748 --- [http-nio-8081-exec-5] c.e.U.User.Controller.UserController     : Received request to get users.
2023-12-19 12:21:22.504  INFO 21748 --- [http-nio-8081-exec-5] c.e.U.User.Service.UserServiceImpl       : GET API Response Time: 5 ms
2023-12-19 12:21:48.792  INFO 21748 --- [http-nio-8081-exec-9] c.e.U.User.Controller.UserController     : Received request to create users.
2023-12-19 12:21:48.798  INFO 21748 --- [http-nio-8081-exec-9] c.e.U.User.Service.UserServiceImpl       : users Saved
2023-12-19 12:21:48.799  INFO 21748 --- [http-nio-8081-exec-9] c.e.U.User.Service.UserServiceImpl       : DB Create Execution Time: 6 ms
2023-12-19 12:21:48.800  INFO 21748 --- [http-nio-8081-exec-9] c.e.U.User.Controller.UserController     : DB Create Execution Time: 8 ms
2023-12-19 12:23:03.958  INFO 21748 --- [http-nio-8081-exec-6] c.e.U.User.Controller.UserController     : Received request to create users.
2023-12-19 12:23:03.964  INFO 21748 --- [http-nio-8081-exec-6] c.e.U.User.Service.UserServiceImpl       : users Saved
2023-12-19 12:23:03.965  INFO 21748 --- [http-nio-8081-exec-6] c.e.U.User.Service.UserServiceImpl       : DB Create Execution Time: 6 ms
2023-12-19 12:23:03.966  INFO 21748 --- [http-nio-8081-exec-6] c.e.U.User.Controller.UserController     : DB Create Execution Time: 8 ms
2023-12-19 12:59:10.108  INFO 21748 --- [File Watcher] rtingClassPathChangeChangedEventListener : Restarting due to 1 class path change (0 additions, 0 deletions, 1 modification)
2023-12-19 12:59:10.118  INFO 21748 --- [Thread-11] o.apache.catalina.core.StandardService   : Stopping service [Tomcat]
2023-12-19 12:59:10.119  INFO 21748 --- [Thread-11] o.a.c.c.C.[Tomcat].[localhost].[/]       : Destroying Spring FrameworkServlet 'dispatcherServlet'
2023-12-19 12:59:10.185  INFO 21748 --- [restartedMain] c.e.UserManagement.User.UserApplication  : Starting UserApplication using Java 17.0.9 on DESKTOP-LOH6BAM with PID 21748 (C:\Users\RajinikanthReddyOlad\eclipse-workspace\User\target\classes started by RajinikanthReddyOlad in C:\Users\RajinikanthReddyOlad\eclipse-workspace\User)
2023-12-19 12:59:10.186 DEBUG 21748 --- [restartedMain] c.e.UserManagement.User.UserApplication  : Running with Spring Boot v2.7.17, Spring v5.3.30
2023-12-19 12:59:10.187  INFO 21748 --- [restartedMain] c.e.UserManagement.User.UserApplication  : No active profile set, falling back to 1 default profile: "default"
2023-12-19 12:59:10.307  INFO 21748 --- [restartedMain] .s.d.r.c.RepositoryConfigurationDelegate : Bootstrapping Spring Data MongoDB repositories in DEFAULT mode.
2023-12-19 12:59:10.309  INFO 21748 --- [restartedMain] .s.d.r.c.RepositoryConfigurationDelegate : Finished Spring Data repository scanning in 1 ms. Found 0 MongoDB repository interfaces.
2023-12-19 12:59:10.360  INFO 21748 --- [restartedMain] o.s.b.w.embedded.tomcat.TomcatWebServer  : Tomcat initialized with port(s): 8081 (http)
2023-12-19 12:59:10.361  INFO 21748 --- [restartedMain] o.apache.catalina.core.StandardService   : Starting service [Tomcat]
2023-12-19 12:59:10.362  INFO 21748 --- [restartedMain] org.apache.catalina.core.StandardEngine  : Starting Servlet engine: [Apache Tomcat/9.0.82]
2023-12-19 12:59:10.371  INFO 21748 --- [restartedMain] o.a.c.c.C.[Tomcat].[localhost].[/]       : Initializing Spring embedded WebApplicationContext
2023-12-19 12:59:10.372  INFO 21748 --- [restartedMain] w.s.c.ServletWebServerApplicationContext : Root WebApplicationContext: initialization completed in 182 ms
2023-12-19 12:59:10.391  INFO 21748 --- [restartedMain] org.mongodb.driver.client                : MongoClient with metadata {"driver": {"name": "mongo-java-driver|sync|spring-boot", "version": "4.6.1"}, "os": {"type": "Windows", "name": "Windows 11", "architecture": "amd64", "version": "10.0"}, "platform": "Java/Oracle Corporation/17.0.9+11-LTS-201"} created with settings MongoClientSettings{readPreference=primary, writeConcern=WriteConcern{w=null, wTimeout=null ms, journal=null}, retryWrites=true, retryReads=true, readConcern=ReadConcern{level=null}, credential=null, streamFactoryFactory=null, commandListeners=[], codecRegistry=ProvidersCodecRegistry{codecProviders=[ValueCodecProvider{}, BsonValueCodecProvider{}, DBRefCodecProvider{}, DBObjectCodecProvider{}, DocumentCodecProvider{}, IterableCodecProvider{}, MapCodecProvider{}, GeoJsonCodecProvider{}, GridFSFileCodecProvider{}, Jsr310CodecProvider{}, JsonObjectCodecProvider{}, BsonCodecProvider{}, EnumCodecProvider{}, com.mongodb.Jep395RecordCodecProvider@63cff58]}, clusterSettings={hosts=[localhost:27017], srvServiceName=mongodb, mode=SINGLE, requiredClusterType=UNKNOWN, requiredReplicaSetName='null', serverSelector='null', clusterListeners='[]', serverSelectionTimeout='30000 ms', localThreshold='30000 ms'}, socketSettings=SocketSettings{connectTimeoutMS=10000, readTimeoutMS=0, receiveBufferSize=0, sendBufferSize=0}, heartbeatSocketSettings=SocketSettings{connectTimeoutMS=10000, readTimeoutMS=10000, receiveBufferSize=0, sendBufferSize=0}, connectionPoolSettings=ConnectionPoolSettings{maxSize=100, minSize=0, maxWaitTimeMS=120000, maxConnectionLifeTimeMS=0, maxConnectionIdleTimeMS=0, maintenanceInitialDelayMS=0, maintenanceFrequencyMS=60000, connectionPoolListeners=[], maxConnecting=2}, serverSettings=ServerSettings{heartbeatFrequencyMS=10000, minHeartbeatFrequencyMS=500, serverListeners='[]', serverMonitorListeners='[]'}, sslSettings=SslSettings{enabled=false, invalidHostNameAllowed=false, context=null}, applicationName='null', compressorList=[], uuidRepresentation=JAVA_LEGACY, serverApi=null, autoEncryptionSettings=null, contextProvider=null}
2023-12-19 12:59:10.393  INFO 21748 --- [cluster-rtt-ClusterId{value='658146460912627c24e7e757', description='null'}-localhost:27017] org.mongodb.driver.connection            : Opened connection [connectionId{localValue:10, serverValue:467}] to localhost:27017
2023-12-19 12:59:10.393  INFO 21748 --- [cluster-ClusterId{value='658146460912627c24e7e757', description='null'}-localhost:27017] org.mongodb.driver.connection            : Opened connection [connectionId{localValue:9, serverValue:466}] to localhost:27017
2023-12-19 12:59:10.395  INFO 21748 --- [cluster-ClusterId{value='658146460912627c24e7e757', description='null'}-localhost:27017] org.mongodb.driver.cluster               : Monitor thread successfully connected to server with description ServerDescription{address=localhost:27017, type=STANDALONE, state=CONNECTED, ok=true, minWireVersion=0, maxWireVersion=21, maxDocumentSize=16777216, logicalSessionTimeoutMinutes=30, roundTripTimeNanos=1883600}
2023-12-19 12:59:10.416  INFO 21748 --- [restartedMain] o.s.b.d.a.OptionalLiveReloadServer       : LiveReload server is running on port 35729
2023-12-19 12:59:10.447  INFO 21748 --- [restartedMain] f.a.AutowiredAnnotationBeanPostProcessor : Autowired annotation is not supported on static fields: private static org.springframework.data.mongodb.core.MongoOperations com.example.UserManagement.User.Service.SequenceGeneratorService.mongoOperations
2023-12-19 12:59:10.668  INFO 21748 --- [restartedMain] o.s.s.web.DefaultSecurityFilterChain     : Will secure any request with [org.springframework.security.web.session.DisableEncodeUrlFilter@3a8fc01f, org.springframework.security.web.context.request.async.WebAsyncManagerIntegrationFilter@506c7ff6, org.springframework.security.web.context.SecurityContextPersistenceFilter@34853e31, org.springframework.security.web.header.HeaderWriterFilter@32827fd, org.springframework.security.web.authentication.logout.LogoutFilter@5d211b6, org.springframework.security.web.authentication.www.BasicAuthenticationFilter@2fc52bf0, org.springframework.security.web.savedrequest.RequestCacheAwareFilter@13aa6faa, org.springframework.security.web.servletapi.SecurityContextHolderAwareRequestFilter@517fa5ed, org.springframework.security.web.authentication.AnonymousAuthenticationFilter@7297c88e, org.springframework.security.web.session.SessionManagementFilter@3995286, org.springframework.security.web.access.ExceptionTranslationFilter@14767fd4, org.springframework.security.web.access.intercept.AuthorizationFilter@69397c01]
2023-12-19 12:59:10.774  INFO 21748 --- [restartedMain] o.s.b.w.embedded.tomcat.TomcatWebServer  : Tomcat started on port(s): 8081 (http) with context path ''
2023-12-19 12:59:10.777  INFO 21748 --- [restartedMain] c.e.UserManagement.User.UserApplication  : Started UserApplication in 0.61 seconds (JVM running for 3538.56)
2023-12-19 12:59:10.779  INFO 21748 --- [restartedMain] .ConditionEvaluationDeltaLoggingListener : Condition evaluation unchanged
2023-12-19 12:59:17.291  INFO 21748 --- [http-nio-8081-exec-2] o.a.c.c.C.[Tomcat].[localhost].[/]       : Initializing Spring DispatcherServlet 'dispatcherServlet'
2023-12-19 12:59:17.291  INFO 21748 --- [http-nio-8081-exec-2] o.s.web.servlet.DispatcherServlet        : Initializing Servlet 'dispatcherServlet'
2023-12-19 12:59:17.292  INFO 21748 --- [http-nio-8081-exec-2] o.s.web.servlet.DispatcherServlet        : Completed initialization in 0 ms
2023-12-19 12:59:17.482  INFO 21748 --- [http-nio-8081-exec-2] c.e.U.User.Controller.UserController     : Received request to create users.
2023-12-19 12:59:17.488  INFO 21748 --- [http-nio-8081-exec-2] org.mongodb.driver.connection            : Opened connection [connectionId{localValue:11, serverValue:468}] to localhost:27017
2023-12-19 12:59:17.503  INFO 21748 --- [http-nio-8081-exec-2] c.e.U.User.Service.UserServiceImpl       : users Saved
2023-12-19 12:59:17.504  INFO 21748 --- [http-nio-8081-exec-2] c.e.U.User.Service.UserServiceImpl       : DB Create Execution Time: 21 ms
2023-12-19 12:59:17.505  INFO 21748 --- [http-nio-8081-exec-2] c.e.U.User.Controller.UserController     : DB Create Execution Time: 22 ms
